<?xml version="1.0"?>
<testsuite name="PhantomJS 2.1.1 (Mac OS X 0.0.0)" package="" timestamp="2017-07-18T03:40:00" id="0" hostname="Dans-MBP-2.attlocal.net" tests="198" errors="0" failures="1" time="30.361">
  <properties>
    <property name="browser.fullName" value="Mozilla/5.0 (Macintosh; Intel Mac OS X) AppleWebKit/538.1 (KHTML, like Gecko) PhantomJS/2.1.1 Safari/538.1"/>
  </properties>
  <testcase name="Component Tests ActivateComponent calls activate.get with the key from params" time="0.097" classname="PhantomJS_2_1_1_(Mac_OS_X_0_0_0).Component Tests"/>
  <testcase name="Component Tests ActivateComponent should set set success to OK upon successful activation" time="0.075" classname="PhantomJS_2_1_1_(Mac_OS_X_0_0_0).Component Tests"/>
  <testcase name="Component Tests ActivateComponent should set set error to ERROR upon activation failure" time="0.035" classname="PhantomJS_2_1_1_(Mac_OS_X_0_0_0).Component Tests"/>
  <testcase name="Component Tests PasswordResetFinishComponent should define its initial state" time="0.024" classname="PhantomJS_2_1_1_(Mac_OS_X_0_0_0).Component Tests"/>
  <testcase name="Component Tests PasswordResetFinishComponent sets focus after the view has been initialized" time="0.016" classname="PhantomJS_2_1_1_(Mac_OS_X_0_0_0).Component Tests"/>
  <testcase name="Component Tests PasswordResetInitComponent should define its initial state" time="0.017" classname="PhantomJS_2_1_1_(Mac_OS_X_0_0_0).Component Tests"/>
  <testcase name="Component Tests PasswordResetInitComponent sets focus after the view has been initialized" time="0.024" classname="PhantomJS_2_1_1_(Mac_OS_X_0_0_0).Component Tests"/>
  <testcase name="Component Tests PasswordResetInitComponent notifies of success upon successful requestReset" time="0.013" classname="PhantomJS_2_1_1_(Mac_OS_X_0_0_0).Component Tests"/>
  <testcase name="Component Tests PasswordResetInitComponent notifies of unknown email upon email address not registered/400" time="0.014" classname="PhantomJS_2_1_1_(Mac_OS_X_0_0_0).Component Tests"/>
  <testcase name="Component Tests PasswordResetInitComponent notifies of error upon error response" time="0.043" classname="PhantomJS_2_1_1_(Mac_OS_X_0_0_0).Component Tests"/>
  <testcase name="Component Tests PasswordStrengthBarComponent PasswordStrengthBarComponents should initialize with default values" time="0.032" classname="PhantomJS_2_1_1_(Mac_OS_X_0_0_0).Component Tests"/>
  <testcase name="Component Tests PasswordStrengthBarComponent PasswordStrengthBarComponents should increase strength upon password value change" time="0.022" classname="PhantomJS_2_1_1_(Mac_OS_X_0_0_0).Component Tests"/>
  <testcase name="Component Tests PasswordStrengthBarComponent PasswordStrengthBarComponents should change the color based on strength" time="0.025" classname="PhantomJS_2_1_1_(Mac_OS_X_0_0_0).Component Tests"/>
  <testcase name="Component Tests PasswordComponent should show error if passwords do not match" time="0.036" classname="PhantomJS_2_1_1_(Mac_OS_X_0_0_0).Component Tests"/>
  <testcase name="Component Tests PasswordComponent should call Auth.changePassword when passwords match" time="0.021" classname="PhantomJS_2_1_1_(Mac_OS_X_0_0_0).Component Tests"/>
  <testcase name="Component Tests PasswordComponent should set success to OK upon success" time="0.024" classname="PhantomJS_2_1_1_(Mac_OS_X_0_0_0).Component Tests"/>
  <testcase name="Component Tests PasswordComponent should notify of error if change password fails" time="0.025" classname="PhantomJS_2_1_1_(Mac_OS_X_0_0_0).Component Tests"/>
  <testcase name="Component Tests RegisterComponent should ensure the two passwords entered match" time="0.022" classname="PhantomJS_2_1_1_(Mac_OS_X_0_0_0).Component Tests"/>
  <testcase name="Component Tests RegisterComponent should update success to OK after creating an account" time="0.024" classname="PhantomJS_2_1_1_(Mac_OS_X_0_0_0).Component Tests"/>
  <testcase name="Component Tests RegisterComponent should notify of user existence upon 400/login already in use" time="0.034" classname="PhantomJS_2_1_1_(Mac_OS_X_0_0_0).Component Tests"/>
  <testcase name="Component Tests RegisterComponent should notify of email existence upon 400/email address already in use" time="0.02" classname="PhantomJS_2_1_1_(Mac_OS_X_0_0_0).Component Tests"/>
  <testcase name="Component Tests RegisterComponent should notify of generic error" time="0.028" classname="PhantomJS_2_1_1_(Mac_OS_X_0_0_0).Component Tests"/>
  <testcase name="Component Tests SettingsComponent should send the current identity upon save" time="0.022" classname="PhantomJS_2_1_1_(Mac_OS_X_0_0_0).Component Tests"/>
  <testcase name="Component Tests SettingsComponent should notify of success upon successful save" time="0.021" classname="PhantomJS_2_1_1_(Mac_OS_X_0_0_0).Component Tests"/>
  <testcase name="Component Tests SettingsComponent should notify of error upon failed save" time="0.023" classname="PhantomJS_2_1_1_(Mac_OS_X_0_0_0).Component Tests"/>
  <testcase name="Component Tests AuditsComponent today function  should set toDate to current date" time="0.047" classname="PhantomJS_2_1_1_(Mac_OS_X_0_0_0).Component Tests"/>
  <testcase name="Component Tests AuditsComponent previousMonth function  should set fromDate to current date" time="0.062" classname="PhantomJS_2_1_1_(Mac_OS_X_0_0_0).Component Tests"/>
  <testcase name="Component Tests AuditsComponent By default, on init should set all default values correctly" time="0.044" classname="PhantomJS_2_1_1_(Mac_OS_X_0_0_0).Component Tests"/>
  <testcase name="Component Tests JhiHealthCheckComponent baseName and subSystemName should return the basename when it has no sub system" time="0.032" classname="PhantomJS_2_1_1_(Mac_OS_X_0_0_0).Component Tests"/>
  <testcase name="Component Tests JhiHealthCheckComponent baseName and subSystemName should return the basename when it has sub systems" time="0.022" classname="PhantomJS_2_1_1_(Mac_OS_X_0_0_0).Component Tests"/>
  <testcase name="Component Tests JhiHealthCheckComponent baseName and subSystemName should return the sub system name" time="0.03" classname="PhantomJS_2_1_1_(Mac_OS_X_0_0_0).Component Tests"/>
  <testcase name="Component Tests JhiHealthCheckComponent baseName and subSystemName should return the subsystem when it has multiple keys" time="0.023" classname="PhantomJS_2_1_1_(Mac_OS_X_0_0_0).Component Tests"/>
  <testcase name="Component Tests JhiHealthCheckComponent transformHealthData should flatten empty health data" time="0.026" classname="PhantomJS_2_1_1_(Mac_OS_X_0_0_0).Component Tests"/>
  <testcase name="Component Tests JhiHealthCheckComponent should flatten health data with no subsystems" time="0.03" classname="PhantomJS_2_1_1_(Mac_OS_X_0_0_0).Component Tests"/>
  <testcase name="Component Tests JhiHealthCheckComponent should flatten health data with subsystems at level 1, main system has no additional information" time="0.026" classname="PhantomJS_2_1_1_(Mac_OS_X_0_0_0).Component Tests"/>
  <testcase name="Component Tests JhiHealthCheckComponent should flatten health data with subsystems at level 1, main system has additional information" time="0.02" classname="PhantomJS_2_1_1_(Mac_OS_X_0_0_0).Component Tests"/>
  <testcase name="Component Tests JhiHealthCheckComponent should flatten health data with subsystems at level 1, main system has additional error" time="0.02" classname="PhantomJS_2_1_1_(Mac_OS_X_0_0_0).Component Tests"/>
  <testcase name="Service: ApiService should create the service" time="0.025" classname="PhantomJS_2_1_1_(Mac_OS_X_0_0_0).Service: ApiService"/>
  <testcase name="Service: ApiService should return a recipe" time="0.021" classname="PhantomJS_2_1_1_(Mac_OS_X_0_0_0).Service: ApiService"/>
  <testcase name="Service: ApiService should return the latest recipe" time="0.024" classname="PhantomJS_2_1_1_(Mac_OS_X_0_0_0).Service: ApiService"/>
  <testcase name="Service: GlobalEvents should ..." time="0.027" classname="PhantomJS_2_1_1_(Mac_OS_X_0_0_0).Service: GlobalEvents"/>
  <testcase name="Service: GlobalEvents should call scroll three times" time="0.725" classname="PhantomJS_2_1_1_(Mac_OS_X_0_0_0).Service: GlobalEvents"/>
  <testcase name="Service: GlobalEvents should call scroll two times" time="0.535" classname="PhantomJS_2_1_1_(Mac_OS_X_0_0_0).Service: GlobalEvents"/>
  <testcase name="Service: GlobalEvents should call resize three times" time="0.739" classname="PhantomJS_2_1_1_(Mac_OS_X_0_0_0).Service: GlobalEvents"/>
  <testcase name="Service: GlobalEvents should call resize two times" time="0.533" classname="PhantomJS_2_1_1_(Mac_OS_X_0_0_0).Service: GlobalEvents"/>
  <testcase name="Service: GlobalEvents should call scroll one time" time="0.246" classname="PhantomJS_2_1_1_(Mac_OS_X_0_0_0).Service: GlobalEvents"/>
  <testcase name="Http-RESTService (mockBackend) can instantiate service when inject service" time="0.11" classname="PhantomJS_2_1_1_(Mac_OS_X_0_0_0).Http-RESTService (mockBackend)"/>
  <testcase name="Http-RESTService (mockBackend) can instantiate service with &quot;new&quot;" time="0.067" classname="PhantomJS_2_1_1_(Mac_OS_X_0_0_0).Http-RESTService (mockBackend)"/>
  <testcase name="Http-RESTService (mockBackend) can provide the mockBackend as XHRBackend" time="0.024" classname="PhantomJS_2_1_1_(Mac_OS_X_0_0_0).Http-RESTService (mockBackend)"/>
  <testcase name="BookEffects search$ should return a new LoadSuccess action, with the books, on success, after the de-bounce" time="0.017" classname="PhantomJS_2_1_1_(Mac_OS_X_0_0_0).BookEffects"/>
  <testcase name="BookEffects search$ should return a new LoadSuccess action, with an empty array, if the books service throws" time="0.01" classname="PhantomJS_2_1_1_(Mac_OS_X_0_0_0).BookEffects"/>
  <testcase name="BookEffects search$ should not do anything if the query is an empty string" time="0.014" classname="PhantomJS_2_1_1_(Mac_OS_X_0_0_0).BookEffects"/>
  <testcase name="CollectionEffects openDB$ should call db.open when initially subscribed to" time="0.029" classname="PhantomJS_2_1_1_(Mac_OS_X_0_0_0).CollectionEffects"/>
  <testcase name="CollectionEffects loadCollection$ should return a LoadSuccess action, with the books, on success" time="0.015" classname="PhantomJS_2_1_1_(Mac_OS_X_0_0_0).CollectionEffects"/>
  <testcase name="CollectionEffects loadCollection$ should return a LoadFail action, if the query throws" time="0.012" classname="PhantomJS_2_1_1_(Mac_OS_X_0_0_0).CollectionEffects"/>
  <testcase name="CollectionEffects addBookToCollection$ should return a AddSuccess action, with the book, on success" time="0.012" classname="PhantomJS_2_1_1_(Mac_OS_X_0_0_0).CollectionEffects"/>
  <testcase name="CollectionEffects addBookToCollection$ should return a AddFail action, with the book, when the db insert throws" time="0.01" classname="PhantomJS_2_1_1_(Mac_OS_X_0_0_0).CollectionEffects"/>
  <testcase name="CollectionEffects addBookToCollection$ removeBookFromCollection$ should return a DeleteSuccess action, with the book, on success" time="0.011" classname="PhantomJS_2_1_1_(Mac_OS_X_0_0_0).CollectionEffects"/>
  <testcase name="CollectionEffects addBookToCollection$ removeBookFromCollection$ should return a DeleteFail action, with the book, when the db insert throws" time="0.025" classname="PhantomJS_2_1_1_(Mac_OS_X_0_0_0).CollectionEffects"/>
  <testcase name="Component Tests Blog Management Detail Component OnInit Should call load all on init" time="0.028" classname="PhantomJS_2_1_1_(Mac_OS_X_0_0_0).Component Tests"/>
  <testcase name="Component Tests ClaimRebuttal Management Detail Component OnInit Should call load all on init" time="0.024" classname="PhantomJS_2_1_1_(Mac_OS_X_0_0_0).Component Tests"/>
  <testcase name="Component Tests Claim Management Detail Component OnInit Should call load all on init" time="0.093" classname="PhantomJS_2_1_1_(Mac_OS_X_0_0_0).Component Tests"/>
  <testcase name="Component Tests Contact Management Detail Component OnInit Should call load all on init" time="0.035" classname="PhantomJS_2_1_1_(Mac_OS_X_0_0_0).Component Tests"/>
  <testcase name="Component Tests Crisis Management Detail Component OnInit Should call load all on init" time="0.029" classname="PhantomJS_2_1_1_(Mac_OS_X_0_0_0).Component Tests"/>
  <testcase name="Component Tests Entry Management Detail Component OnInit Should call load all on init" time="0.021" classname="PhantomJS_2_1_1_(Mac_OS_X_0_0_0).Component Tests"/>
  <testcase name="Component Tests Hero Management Detail Component OnInit Should call load all on init" time="0.024" classname="PhantomJS_2_1_1_(Mac_OS_X_0_0_0).Component Tests"/>
  <testcase name="Component Tests Message Management Detail Component OnInit Should call load all on init" time="0.034" classname="PhantomJS_2_1_1_(Mac_OS_X_0_0_0).Component Tests"/>
  <testcase name="Component Tests Note Management Detail Component OnInit Should call load all on init" time="0.023" classname="PhantomJS_2_1_1_(Mac_OS_X_0_0_0).Component Tests"/>
  <testcase name="Component Tests Rebuttal Management Detail Component OnInit Should call load all on init" time="0.027" classname="PhantomJS_2_1_1_(Mac_OS_X_0_0_0).Component Tests"/>
  <testcase name="Component Tests Tag Management Detail Component OnInit Should call load all on init" time="0.027" classname="PhantomJS_2_1_1_(Mac_OS_X_0_0_0).Component Tests"/>
  <testcase name="AboutComponent should create" time="0.12" classname="PhantomJS_2_1_1_(Mac_OS_X_0_0_0).AboutComponent"/>
  <testcase name="CollectionPage should create an instance of CollectionPageComponent" time="0.616" classname="PhantomJS_2_1_1_(Mac_OS_X_0_0_0).CollectionPage"/>
  <testcase name="Pipe: Ellipsis should return the string if it's length is less than 250" time="0" classname="PhantomJS_2_1_1_(Mac_OS_X_0_0_0).Pipe: Ellipsis"/>
  <testcase name="Pipe: Ellipsis should return up to 250 characters followed by an ellipsis" time="0" classname="PhantomJS_2_1_1_(Mac_OS_X_0_0_0).Pipe: Ellipsis"/>
  <testcase name="Pipe: Ellipsis should return only 20 characters followed by an ellipsis" time="0" classname="PhantomJS_2_1_1_(Mac_OS_X_0_0_0).Pipe: Ellipsis"/>
  <testcase name="ContactPage should create an instance of ContactPage" time="1.133" classname="PhantomJS_2_1_1_(Mac_OS_X_0_0_0).ContactPage"/>
  <testcase name="LegalComponent should create" time="0.305" classname="PhantomJS_2_1_1_(Mac_OS_X_0_0_0).LegalComponent"/>
  <testcase name="Service: FilterUtilities should ..." time="0.016" classname="PhantomJS_2_1_1_(Mac_OS_X_0_0_0).Service: FilterUtilities"/>
  <testcase name="Service: FilterUtilities should convert text to camel case" time="0.008" classname="PhantomJS_2_1_1_(Mac_OS_X_0_0_0).Service: FilterUtilities"/>
  <testcase name="FilterComponent should create" time="0.466" classname="PhantomJS_2_1_1_(Mac_OS_X_0_0_0).FilterComponent"/>
  <testcase name="FilterComponent should close drawer on scroll" time="0.563" classname="PhantomJS_2_1_1_(Mac_OS_X_0_0_0).FilterComponent"/>
  <testcase name="FilterComponent should not close drawer on scroll if dontCloseOnScroll is true" time="0.656" classname="PhantomJS_2_1_1_(Mac_OS_X_0_0_0).FilterComponent"/>
  <testcase name="FilterComponent should set map to null" time="0.514" classname="PhantomJS_2_1_1_(Mac_OS_X_0_0_0).FilterComponent"/>
  <testcase name="FilterComponent should set map to mobile" time="0.436" classname="PhantomJS_2_1_1_(Mac_OS_X_0_0_0).FilterComponent"/>
  <testcase name="FilterComponent should open the drawer" time="0.486" classname="PhantomJS_2_1_1_(Mac_OS_X_0_0_0).FilterComponent"/>
  <testcase name="FilterComponent should close the drawer" time="0.452" classname="PhantomJS_2_1_1_(Mac_OS_X_0_0_0).FilterComponent"/>
  <testcase name="FilterComponent should update select values" time="0.491" classname="PhantomJS_2_1_1_(Mac_OS_X_0_0_0).FilterComponent"/>
  <testcase name="Pipe: Filter should create an instance" time="0.053" classname="PhantomJS_2_1_1_(Mac_OS_X_0_0_0).Pipe: Filter"/>
  <testcase name="Pipe: Filter should return given a null value" time="0.019" classname="PhantomJS_2_1_1_(Mac_OS_X_0_0_0).Pipe: Filter"/>
  <testcase name="Pipe: Filter should filter by search term" time="0.021" classname="PhantomJS_2_1_1_(Mac_OS_X_0_0_0).Pipe: Filter"/>
  <testcase name="Pipe: Filter should filter by key" time="0.022" classname="PhantomJS_2_1_1_(Mac_OS_X_0_0_0).Pipe: Filter"/>
  <testcase name="Pipe: Filter should not filter if key is set to &quot;all&quot;" time="0.021" classname="PhantomJS_2_1_1_(Mac_OS_X_0_0_0).Pipe: Filter"/>
  <testcase name="Pipe: Filter should not filter by search term if only given stop words" time="0.02" classname="PhantomJS_2_1_1_(Mac_OS_X_0_0_0).Pipe: Filter"/>
  <testcase name="Pipe: Filter should return a not found query string for 3 items" time="0.02" classname="PhantomJS_2_1_1_(Mac_OS_X_0_0_0).Pipe: Filter"/>
  <testcase name="Pipe: Filter should return a not found query string for 2 items" time="0.02" classname="PhantomJS_2_1_1_(Mac_OS_X_0_0_0).Pipe: Filter"/>
  <testcase name="Pipe: Filter should return a not found query string for 1 item" time="0.027" classname="PhantomJS_2_1_1_(Mac_OS_X_0_0_0).Pipe: Filter"/>
  <testcase name="Pipe: Filter should return given an undefined `fillterInputer` value" time="0.017" classname="PhantomJS_2_1_1_(Mac_OS_X_0_0_0).Pipe: Filter"/>
  <testcase name="Pipe: Filter should skip undefined search fields during search" time="0.021" classname="PhantomJS_2_1_1_(Mac_OS_X_0_0_0).Pipe: Filter"/>
  <testcase name="Pipe: Filter should not filter by search without searchFields" time="0.016" classname="PhantomJS_2_1_1_(Mac_OS_X_0_0_0).Pipe: Filter"/>
  <testcase name="Pipe: Filter should find an item in an array" time="0.019" classname="PhantomJS_2_1_1_(Mac_OS_X_0_0_0).Pipe: Filter"/>
  <testcase name="Pipe: Filter should ..." time="0.022" classname="PhantomJS_2_1_1_(Mac_OS_X_0_0_0).Pipe: Filter"/>
  <testcase name="Pipe: Remap create an instance" time="0.001" classname="PhantomJS_2_1_1_(Mac_OS_X_0_0_0).Pipe: Remap"/>
  <testcase name="Pipe: Remap should remap the order" time="0.001" classname="PhantomJS_2_1_1_(Mac_OS_X_0_0_0).Pipe: Remap">
    <failure type="">Expected $[0] = 1 to equal 4.
Expected $[1] = 2 to equal 3.
Expected $[2] = 3 to equal 2.
Expected $[3] = 4 to equal 1.
http://localhost:9877test.ts:256418:1767
invoke@http://localhost:9877test.ts:168312:31
onInvoke@http://localhost:9877test.ts:167817:45
invoke@http://localhost:9877test.ts:168311:40
run@http://localhost:9877test.ts:168062:49
http://localhost:9877test.ts:167516:37
execute@http://localhost:9877test.ts:167544:46
invokeTask@http://localhost:9877test.ts:168345:36
runTask@http://localhost:9877test.ts:168112:57
drainMicroTaskQueue@http://localhost:9877test.ts:168505:42
run@http://localhost:9877test.ts:213183:29
http://localhost:9877test.ts:213196:31
flush@http://localhost:9877test.ts:64350:11
</failure>
    <failure type="">Expected $[1] = 2 to equal 4.
Expected $[2] = 3 to equal 2.
Expected $[3] = 4 to equal 3.
http://localhost:9877test.ts:256418:2029
invoke@http://localhost:9877test.ts:168312:31
onInvoke@http://localhost:9877test.ts:167817:45
invoke@http://localhost:9877test.ts:168311:40
run@http://localhost:9877test.ts:168062:49
http://localhost:9877test.ts:167516:37
execute@http://localhost:9877test.ts:167544:46
invokeTask@http://localhost:9877test.ts:168345:36
runTask@http://localhost:9877test.ts:168112:57
drainMicroTaskQueue@http://localhost:9877test.ts:168505:42
run@http://localhost:9877test.ts:213183:29
http://localhost:9877test.ts:213196:31
flush@http://localhost:9877test.ts:64350:11
</failure>
  </testcase>
  <testcase name="HomeComponent should create" time="1.36" classname="PhantomJS_2_1_1_(Mac_OS_X_0_0_0).HomeComponent"/>
  <testcase name="HomeComponent should get filterOptions from an Observable" time="1.075" classname="PhantomJS_2_1_1_(Mac_OS_X_0_0_0).HomeComponent"/>
  <testcase name="HomeComponent should use filter.prefilter to filter an array" time="1.053" classname="PhantomJS_2_1_1_(Mac_OS_X_0_0_0).HomeComponent"/>
  <testcase name="HomeComponent should scroll" time="1.17" classname="PhantomJS_2_1_1_(Mac_OS_X_0_0_0).HomeComponent"/>
  <testcase name="HomeComponent should increase the limit" time="1.182" classname="PhantomJS_2_1_1_(Mac_OS_X_0_0_0).HomeComponent"/>
  <testcase name="LimitToPipe create an instance" time="0.001" classname="PhantomJS_2_1_1_(Mac_OS_X_0_0_0).LimitToPipe"/>
  <testcase name="LimitToPipe should return a shorter array" time="0" classname="PhantomJS_2_1_1_(Mac_OS_X_0_0_0).LimitToPipe"/>
  <testcase name="RecipeAdComponent should create" time="0.459" classname="PhantomJS_2_1_1_(Mac_OS_X_0_0_0).RecipeAdComponent"/>
  <testcase name="RecipeAdComponent should set the correct color" time="0.486" classname="PhantomJS_2_1_1_(Mac_OS_X_0_0_0).RecipeAdComponent"/>
  <testcase name="StickyScrollComponent should create" time="0.032" classname="PhantomJS_2_1_1_(Mac_OS_X_0_0_0).StickyScrollComponent"/>
  <testcase name="StickyScrollComponent should set style to fixed" time="0.029" classname="PhantomJS_2_1_1_(Mac_OS_X_0_0_0).StickyScrollComponent"/>
  <testcase name="StickyScrollComponent should remove fixed style" time="0.03" classname="PhantomJS_2_1_1_(Mac_OS_X_0_0_0).StickyScrollComponent"/>
  <testcase name="StickyScrollComponent should destroy the component" time="0.027" classname="PhantomJS_2_1_1_(Mac_OS_X_0_0_0).StickyScrollComponent"/>
  <testcase name="StickyScrollComponent should update the height on manuel check" time="0.04" classname="PhantomJS_2_1_1_(Mac_OS_X_0_0_0).StickyScrollComponent"/>
  <testcase name="Meals Page should create the page" time="1.151" classname="PhantomJS_2_1_1_(Mac_OS_X_0_0_0).Meals Page"/>
  <testcase name="RecipeComponent should create" time="0.547" classname="PhantomJS_2_1_1_(Mac_OS_X_0_0_0).RecipeComponent"/>
  <testcase name="RecipeComponent should set a recipe for the route" time="0.481" classname="PhantomJS_2_1_1_(Mac_OS_X_0_0_0).RecipeComponent"/>
  <testcase name="RecipeComponent should not set the current route if not an instance of NavigationEnd" time="0.498" classname="PhantomJS_2_1_1_(Mac_OS_X_0_0_0).RecipeComponent"/>
  <testcase name="TimerButtonComponent should create" time="0.523" classname="PhantomJS_2_1_1_(Mac_OS_X_0_0_0).TimerButtonComponent"/>
  <testcase name="TimerButtonComponent should update on changes" time="0.46" classname="PhantomJS_2_1_1_(Mac_OS_X_0_0_0).TimerButtonComponent"/>
  <testcase name="Directive: appAxFocus01Fix should create an instance" time="0.023" classname="PhantomJS_2_1_1_(Mac_OS_X_0_0_0).Directive: appAxFocus01Fix"/>
  <testcase name="Directive: appAxFocus01Fix should not set aria-hidden to false on a non-tab keydown" time="0.023" classname="PhantomJS_2_1_1_(Mac_OS_X_0_0_0).Directive: appAxFocus01Fix"/>
  <testcase name="Directive: appAxFocus01Fix should set aria-hidden to false on a tab keydown" time="0.023" classname="PhantomJS_2_1_1_(Mac_OS_X_0_0_0).Directive: appAxFocus01Fix"/>
  <testcase name="Directive: appAxFocus01Fix should not set aria-hidden to true on a non-tab keyup" time="0.03" classname="PhantomJS_2_1_1_(Mac_OS_X_0_0_0).Directive: appAxFocus01Fix"/>
  <testcase name="Directive: appAxFocus01Fix should set aria-hidden to true on a tab keyup" time="0.021" classname="PhantomJS_2_1_1_(Mac_OS_X_0_0_0).Directive: appAxFocus01Fix"/>
  <testcase name="Directive: appAxFocus01Fix should set window offset to 0, and&#xA;      not set aria-hidden to true on a tab  with focus" time="0.019" classname="PhantomJS_2_1_1_(Mac_OS_X_0_0_0).Directive: appAxFocus01Fix"/>
  <testcase name="Directive: appAxFocus01Fix should set aria-hidden to false on scrollTop" time="0.022" classname="PhantomJS_2_1_1_(Mac_OS_X_0_0_0).Directive: appAxFocus01Fix"/>
  <testcase name="Directive: appAxFocus01Fix should set aria-hidden to true on scroll down" time="0.02" classname="PhantomJS_2_1_1_(Mac_OS_X_0_0_0).Directive: appAxFocus01Fix"/>
  <testcase name="Directive: appAxFocus01Fix should skip non-home routes" time="0.02" classname="PhantomJS_2_1_1_(Mac_OS_X_0_0_0).Directive: appAxFocus01Fix"/>
  <testcase name="Directive: appAxFocus01Fix should not do nothing if not an instance of NavigationEnd" time="0.024" classname="PhantomJS_2_1_1_(Mac_OS_X_0_0_0).Directive: appAxFocus01Fix"/>
  <testcase name="ButtonClearComponent should create" time="0.021" classname="PhantomJS_2_1_1_(Mac_OS_X_0_0_0).ButtonClearComponent"/>
  <testcase name="ImageCoverComponent should create if src is defined" time="0.039" classname="PhantomJS_2_1_1_(Mac_OS_X_0_0_0).ImageCoverComponent"/>
  <testcase name="ImageCoverComponent should create if src is undefined" time="0.035" classname="PhantomJS_2_1_1_(Mac_OS_X_0_0_0).ImageCoverComponent"/>
  <testcase name="LabelsComponent should create" time="0.023" classname="PhantomJS_2_1_1_(Mac_OS_X_0_0_0).LabelsComponent"/>
  <testcase name="Directive: WatchHeight should create an instance" time="0.023" classname="PhantomJS_2_1_1_(Mac_OS_X_0_0_0).Directive: WatchHeight"/>
  <testcase name="Directive: WatchHeight should emit the inital height" time="0.019" classname="PhantomJS_2_1_1_(Mac_OS_X_0_0_0).Directive: WatchHeight"/>
  <testcase name="Directive: WatchHeight should emit an updated height" time="0.02" classname="PhantomJS_2_1_1_(Mac_OS_X_0_0_0).Directive: WatchHeight"/>
  <testcase name="TimerComponent should create" time="0.452" classname="PhantomJS_2_1_1_(Mac_OS_X_0_0_0).TimerComponent"/>
  <testcase name="Service: Timer should create the service" time="0.015" classname="PhantomJS_2_1_1_(Mac_OS_X_0_0_0).Service: Timer"/>
  <testcase name="Service: Timer should toggle the timer on, then off" time="0.008" classname="PhantomJS_2_1_1_(Mac_OS_X_0_0_0).Service: Timer"/>
  <testcase name="Service: Timer should add one minute" time="0.007" classname="PhantomJS_2_1_1_(Mac_OS_X_0_0_0).Service: Timer"/>
  <testcase name="Service: Timer should reset the timer" time="0.008" classname="PhantomJS_2_1_1_(Mac_OS_X_0_0_0).Service: Timer"/>
  <testcase name="Service: Timer should reset the timer to the short time" time="0.007" classname="PhantomJS_2_1_1_(Mac_OS_X_0_0_0).Service: Timer"/>
  <testcase name="Service: Timer should create readable text" time="0.006" classname="PhantomJS_2_1_1_(Mac_OS_X_0_0_0).Service: Timer"/>
  <testcase name="FooterComponent should create" time="0.095" classname="PhantomJS_2_1_1_(Mac_OS_X_0_0_0).FooterComponent"/>
  <testcase name="LayoutComponent should create" time="1.106" classname="PhantomJS_2_1_1_(Mac_OS_X_0_0_0).LayoutComponent"/>
  <testcase name="LayoutComponent should update padding on Height changes" time="1.218" classname="PhantomJS_2_1_1_(Mac_OS_X_0_0_0).LayoutComponent"/>
  <testcase name="LayoutComponent should set fixed to true on route change" time="1.105" classname="PhantomJS_2_1_1_(Mac_OS_X_0_0_0).LayoutComponent"/>
  <testcase name="JhiMainComponent should work" time="0.03" classname="PhantomJS_2_1_1_(Mac_OS_X_0_0_0).JhiMainComponent"/>
  <testcase name="JhiMainComponent should create the app" time="0.032" classname="PhantomJS_2_1_1_(Mac_OS_X_0_0_0).JhiMainComponent"/>
  <testcase name="NavComponent should create" time="0.054" classname="PhantomJS_2_1_1_(Mac_OS_X_0_0_0).NavComponent"/>
  <testcase name="SkipNavComponent should create" time="0.031" classname="PhantomJS_2_1_1_(Mac_OS_X_0_0_0).SkipNavComponent"/>
  <testcase name="SkipNavComponent should set the label after skipping the main content" time="0.031" classname="PhantomJS_2_1_1_(Mac_OS_X_0_0_0).SkipNavComponent"/>
  <testcase name="SkipNavComponent should automatically skip to the main content" time="0.014" classname="PhantomJS_2_1_1_(Mac_OS_X_0_0_0).SkipNavComponent"/>
  <testcase name="SkipNavComponent should not set the current route if not an instance of NavigationEnd" time="0.023" classname="PhantomJS_2_1_1_(Mac_OS_X_0_0_0).SkipNavComponent"/>
  <testcase name="SkipNavComponent should set startContentIndex to null on blur" time="0.023" classname="PhantomJS_2_1_1_(Mac_OS_X_0_0_0).SkipNavComponent"/>
  <testcase name="Directive: StatusBarAware should create an instance" time="0" classname="PhantomJS_2_1_1_(Mac_OS_X_0_0_0).Directive: StatusBarAware"/>
  <testcase name="Directive: StatusBarAware should set transform" time="1.517" classname="PhantomJS_2_1_1_(Mac_OS_X_0_0_0).Directive: StatusBarAware"/>
  <testcase name="Directive: StatusBarAware should not transform if in an excluded route" time="0" classname="PhantomJS_2_1_1_(Mac_OS_X_0_0_0).Directive: StatusBarAware"/>
  <testcase name="StatusBarComponent should create" time="0.027" classname="PhantomJS_2_1_1_(Mac_OS_X_0_0_0).StatusBarComponent"/>
  <testcase name="StatusBarComponent should set height to 0px" time="0.328" classname="PhantomJS_2_1_1_(Mac_OS_X_0_0_0).StatusBarComponent"/>
  <testcase name="Service: StatusBar should ..." time="0.007" classname="PhantomJS_2_1_1_(Mac_OS_X_0_0_0).Service: StatusBar"/>
  <testcase name="Service: StatusBar should set the current route" time="0.007" classname="PhantomJS_2_1_1_(Mac_OS_X_0_0_0).Service: StatusBar"/>
  <testcase name="Service: StatusBar should not set the current route if not an instance of NavigationEnd" time="0.007" classname="PhantomJS_2_1_1_(Mac_OS_X_0_0_0).Service: StatusBar"/>
  <testcase name="Service: StatusBar should set to active" time="1.222" classname="PhantomJS_2_1_1_(Mac_OS_X_0_0_0).Service: StatusBar"/>
  <testcase name="Service: StatusBar should not change animate on setActive if value is the same" time="0.022" classname="PhantomJS_2_1_1_(Mac_OS_X_0_0_0).Service: StatusBar"/>
  <testcase name="TwainComponent should not show quote before OnInit" time="0.009" classname="PhantomJS_2_1_1_(Mac_OS_X_0_0_0).TwainComponent"/>
  <testcase name="TwainComponent should still not show quote after component initialized" time="0.013" classname="PhantomJS_2_1_1_(Mac_OS_X_0_0_0).TwainComponent"/>
  <testcase name="TwainComponent should show quote after getQuote promise (async)" time="0.02" classname="PhantomJS_2_1_1_(Mac_OS_X_0_0_0).TwainComponent"/>
  <testcase name="TwainComponent should show quote after getQuote promise (fakeAsync)" time="0.019" classname="PhantomJS_2_1_1_(Mac_OS_X_0_0_0).TwainComponent"/>
  <testcase name="TwainComponent should show quote after getQuote promise (done)" time="0.013" classname="PhantomJS_2_1_1_(Mac_OS_X_0_0_0).TwainComponent"/>
  <testcase name="IconArrowDownComponent should create" time="0.024" classname="PhantomJS_2_1_1_(Mac_OS_X_0_0_0).IconArrowDownComponent"/>
  <testcase name="IconFacebookComponent should create" time="0.02" classname="PhantomJS_2_1_1_(Mac_OS_X_0_0_0).IconFacebookComponent"/>
  <testcase name="IconHeartComponent should create" time="0.023" classname="PhantomJS_2_1_1_(Mac_OS_X_0_0_0).IconHeartComponent"/>
  <testcase name="IconInstagramComponent should create" time="0.031" classname="PhantomJS_2_1_1_(Mac_OS_X_0_0_0).IconInstagramComponent"/>
  <testcase name="IconMinusComponent should create" time="0.068" classname="PhantomJS_2_1_1_(Mac_OS_X_0_0_0).IconMinusComponent"/>
  <testcase name="IconNavComponent should create" time="0.025" classname="PhantomJS_2_1_1_(Mac_OS_X_0_0_0).IconNavComponent"/>
  <testcase name="IconPinterestComponent should create" time="0.021" classname="PhantomJS_2_1_1_(Mac_OS_X_0_0_0).IconPinterestComponent"/>
  <testcase name="IconPlusComponent should create" time="0.022" classname="PhantomJS_2_1_1_(Mac_OS_X_0_0_0).IconPlusComponent"/>
  <testcase name="IconResetComponent should create" time="0.03" classname="PhantomJS_2_1_1_(Mac_OS_X_0_0_0).IconResetComponent"/>
  <testcase name="IconSearchComponent should create" time="0.02" classname="PhantomJS_2_1_1_(Mac_OS_X_0_0_0).IconSearchComponent"/>
  <testcase name="IconTimeComponent should create" time="0.021" classname="PhantomJS_2_1_1_(Mac_OS_X_0_0_0).IconTimeComponent"/>
  <testcase name="InputComponent should create" time="0.029" classname="PhantomJS_2_1_1_(Mac_OS_X_0_0_0).InputComponent"/>
  <testcase name="InputComponent should set the input value" time="0.028" classname="PhantomJS_2_1_1_(Mac_OS_X_0_0_0).InputComponent"/>
  <testcase name="InputComponent shuld get the input value" time="0.025" classname="PhantomJS_2_1_1_(Mac_OS_X_0_0_0).InputComponent"/>
  <testcase name="LoadingComponent should create" time="0.032" classname="PhantomJS_2_1_1_(Mac_OS_X_0_0_0).LoadingComponent"/>
  <testcase name="SelectComponent should create" time="0.031" classname="PhantomJS_2_1_1_(Mac_OS_X_0_0_0).SelectComponent"/>
  <testcase name="SelectComponent should set the select value" time="0.031" classname="PhantomJS_2_1_1_(Mac_OS_X_0_0_0).SelectComponent"/>
  <testcase name="SelectComponent should get the select value" time="0.03" classname="PhantomJS_2_1_1_(Mac_OS_X_0_0_0).SelectComponent"/>
  <testcase name="WelcomeComponent should welcome the user" time="0.01" classname="PhantomJS_2_1_1_(Mac_OS_X_0_0_0).WelcomeComponent"/>
  <testcase name="WelcomeComponent should welcome &quot;Bubba&quot;" time="0.009" classname="PhantomJS_2_1_1_(Mac_OS_X_0_0_0).WelcomeComponent"/>
  <testcase name="WelcomeComponent should request login if not logged in" time="0.01" classname="PhantomJS_2_1_1_(Mac_OS_X_0_0_0).WelcomeComponent"/>
  <testcase name="WelcomeComponent should inject the component's UserService instance" time="0.011" classname="PhantomJS_2_1_1_(Mac_OS_X_0_0_0).WelcomeComponent"/>
  <testcase name="WelcomeComponent TestBed and Component UserService should be the same" time="0.018" classname="PhantomJS_2_1_1_(Mac_OS_X_0_0_0).WelcomeComponent"/>
  <testcase name="WelcomeComponent stub object and injected UserService should not be the same" time="0.01" classname="PhantomJS_2_1_1_(Mac_OS_X_0_0_0).WelcomeComponent"/>
  <system-out>
    <![CDATA[PhantomJS 2.1.1 (Mac OS X 0.0.0) WARN: 'Could not find Angular Material core theme. Most Material components may not work as expected. For more info refer to the theming guide: https://material.angular.io/guide/theming'
,PhantomJS 2.1.1 (Mac OS X 0.0.0) WARN: 'Could not find HammerJS. Certain Angular Material components may not work correctly.'
,PhantomJS 2.1.1 (Mac OS X 0.0.0) WARN: 'Could not find Angular Material core theme. Most Material components may not work as expected. For more info refer to the theming guide: https://material.angular.io/guide/theming'
,PhantomJS 2.1.1 (Mac OS X 0.0.0) WARN: 'Could not find HammerJS. Certain Angular Material components may not work correctly.'
,PhantomJS 2.1.1 (Mac OS X 0.0.0) WARN: 'Could not find Angular Material core theme. Most Material components may not work as expected. For more info refer to the theming guide: https://material.angular.io/guide/theming'
,PhantomJS 2.1.1 (Mac OS X 0.0.0) WARN: 'Could not find HammerJS. Certain Angular Material components may not work correctly.'
,PhantomJS 2.1.1 (Mac OS X 0.0.0) WARN: 'Could not find Angular Material core theme. Most Material components may not work as expected. For more info refer to the theming guide: https://material.angular.io/guide/theming'
,PhantomJS 2.1.1 (Mac OS X 0.0.0) WARN: 'Could not find HammerJS. Certain Angular Material components may not work correctly.'
,PhantomJS 2.1.1 (Mac OS X 0.0.0) WARN: 'Could not find Angular Material core theme. Most Material components may not work as expected. For more info refer to the theming guide: https://material.angular.io/guide/theming'
,PhantomJS 2.1.1 (Mac OS X 0.0.0) WARN: 'Could not find HammerJS. Certain Angular Material components may not work correctly.'
,PhantomJS 2.1.1 (Mac OS X 0.0.0) WARN: 'Could not find Angular Material core theme. Most Material components may not work as expected. For more info refer to the theming guide: https://material.angular.io/guide/theming'
,PhantomJS 2.1.1 (Mac OS X 0.0.0) WARN: 'Could not find HammerJS. Certain Angular Material components may not work correctly.'
,PhantomJS 2.1.1 (Mac OS X 0.0.0) WARN: 'Could not find Angular Material core theme. Most Material components may not work as expected. For more info refer to the theming guide: https://material.angular.io/guide/theming'
,PhantomJS 2.1.1 (Mac OS X 0.0.0) WARN: 'Could not find HammerJS. Certain Angular Material components may not work correctly.'
,PhantomJS 2.1.1 (Mac OS X 0.0.0) WARN: 'Could not find Angular Material core theme. Most Material components may not work as expected. For more info refer to the theming guide: https://material.angular.io/guide/theming'
,PhantomJS 2.1.1 (Mac OS X 0.0.0) WARN: 'Could not find HammerJS. Certain Angular Material components may not work correctly.'
,PhantomJS 2.1.1 (Mac OS X 0.0.0) WARN: 'Could not find Angular Material core theme. Most Material components may not work as expected. For more info refer to the theming guide: https://material.angular.io/guide/theming'
,PhantomJS 2.1.1 (Mac OS X 0.0.0) WARN: 'Could not find HammerJS. Certain Angular Material components may not work correctly.'
,PhantomJS 2.1.1 (Mac OS X 0.0.0) WARN: 'Could not find Angular Material core theme. Most Material components may not work as expected. For more info refer to the theming guide: https://material.angular.io/guide/theming'
,PhantomJS 2.1.1 (Mac OS X 0.0.0) WARN: 'Could not find HammerJS. Certain Angular Material components may not work correctly.'
,PhantomJS 2.1.1 (Mac OS X 0.0.0) ERROR: 'Unhandled Promise rejection:', 'No provider for LocalStorageService!', '; Zone:', 'ProxyZone', '; Task:', 'Promise.then', '; Value:', Error{addKey: function addKey(injector, key) { ... }, keys: [ReflectiveKey{token: ..., id: ...}], injectors: [ReflectiveInjector_{_constructionCounter: ..., _providers: ..., _parent: ..., keyIds: ..., objs: ...}], constructResolvingMessage: function (keys) { ... }, ngOriginalError: undefined, line: 2926, sourceURL: 'http://localhost:9877/base/test.ts?d8e9014e39ec8b19e05c2de6427ccf40ade7aa9b', stack: '_throwOrNull@http://localhost:9877/base/test.ts?d8e9014e39ec8b19e05c2de6427ccf40ade7aa9b:2926:45
_getByKeyDefault@http://localhost:9877/base/test.ts?d8e9014e39ec8b19e05c2de6427ccf40ade7aa9b:2965:37
_getByKey@http://localhost:9877/base/test.ts?d8e9014e39ec8b19e05c2de6427ccf40ade7aa9b:2897:41
get@http://localhost:9877/base/test.ts?d8e9014e39ec8b19e05c2de6427ccf40ade7aa9b:2766:30
resolveNgModuleDep@http://localhost:9877/base/test.ts?d8e9014e39ec8b19e05c2de6427ccf40ade7aa9b:9750:28
_createClass@http://localhost:9877/base/test.ts?d8e9014e39ec8b19e05c2de6427ccf40ade7aa9b:9796:92
_createProviderInstance$1@http://localhost:9877/base/test.ts?d8e9014e39ec8b19e05c2de6427ccf40ade7aa9b:9761:38
resolveNgModuleDep@http://localhost:9877/base/test.ts?d8e9014e39ec8b19e05c2de6427ccf40ade7aa9b:9746:42
_createClass@http://localhost:9877/base/test.ts?d8e9014e39ec8b19e05c2de6427ccf40ade7aa9b:9801:50
_createProviderInstance$1@http://localhost:9877/base/test.ts?d8e9014e39ec8b19e05c2de6427ccf40ade7aa9b:9761:38
resolveNgModuleDep@http://localhost:9877/base/test.ts?d8e9014e39ec8b19e05c2de6427ccf40ade7aa9b:9746:42
_createClass@http://localhost:9877/base/test.ts?d8e9014e39ec8b19e05c2de6427ccf40ade7aa9b:9793:83
_createProviderInstance$1@http://localhost:9877/base/test.ts?d8e9014e39ec8b19e05c2de6427ccf40ade7aa9b:9761:38
resolveNgModuleDep@http://localhost:9877/base/test.ts?d8e9014e39ec8b19e05c2de6427ccf40ade7aa9b:9746:42
get@http://localhost:9877/base/test.ts?d8e9014e39ec8b19e05c2de6427ccf40ade7aa9b:10832:34
resolveDep@http://localhost:9877/base/test.ts?d8e9014e39ec8b19e05c2de6427ccf40ade7aa9b:11335:48
createClass@http://localhost:9877/base/test.ts?d8e9014e39ec8b19e05c2de6427ccf40ade7aa9b:11194:45
createDirectiveInstance@http://localhost:9877/base/test.ts?d8e9014e39ec8b19e05c2de6427ccf40ade7aa9b:11019:48
createViewNodes@http://localhost:9877/base/test.ts?d8e9014e39ec8b19e05c2de6427ccf40ade7aa9b:12455:72
createRootView@http://localhost:9877/base/test.ts?d8e9014e39ec8b19e05c2de6427ccf40ade7aa9b:12350:20
callWithDebugContext@http://localhost:9877/base/test.ts?d8e9014e39ec8b19e05c2de6427ccf40ade7aa9b:13733:47
debugCreateRootView@http://localhost:9877/base/test.ts?d8e9014e39ec8b19e05c2de6427ccf40ade7aa9b:13050:32
create@http://localhost:9877/base/test.ts?d8e9014e39ec8b19e05c2de6427ccf40ade7aa9b:10133:60
create@http://localhost:9877/base/test.ts?d8e9014e39ec8b19e05c2de6427ccf40ade7aa9b:3610:35
createComponent@http://localhost:9877/base/test.ts?d8e9014e39ec8b19e05c2de6427ccf40ade7aa9b:10335:68
activateWith@http://localhost:9877/base/test.ts?d8e9014e39ec8b19e05c2de6427ccf40ade7aa9b:30961:55
activateRoutes@http://localhost:9877/base/test.ts?d8e9014e39ec8b19e05c2de6427ccf40ade7aa9b:30093:52
http://localhost:9877/base/test.ts?d8e9014e39ec8b19e05c2de6427ccf40ade7aa9b:30044:72
forEach@[native code]
activateChildRoutes@http://localhost:9877/base/test.ts?d8e9014e39ec8b19e05c2de6427ccf40ade7aa9b:30044:36
activate@http://localhost:9877/base/test.ts?d8e9014e39ec8b19e05c2de6427ccf40ade7aa9b:29937:33
http://localhost:9877/base/test.ts?d8e9014e39ec8b19e05c2de6427ccf40ade7aa9b:29541:30
http://localhost:9877/base/test.ts?d8e9014e39ec8b19e05c2de6427ccf40ade7aa9b:15185:25
__tryOrSetError@http://localhost:9877/base/test.ts?d8e9014e39ec8b19e05c2de6427ccf40ade7aa9b:31886:20
next@http://localhost:9877/base/test.ts?d8e9014e39ec8b19e05c2de6427ccf40ade7aa9b:31826:42
_next@http://localhost:9877/base/test.ts?d8e9014e39ec8b19e05c2de6427ccf40ade7aa9b:31764:30
next@http://localhost:9877/base/test.ts?d8e9014e39ec8b19e05c2de6427ccf40ade7aa9b:31728:23
_next@http://localhost:9877/base/test.ts?d8e9014e39ec8b19e05c2de6427ccf40ade7aa9b:45979:30
next@http://localhost:9877/base/test.ts?d8e9014e39ec8b19e05c2de6427ccf40ade7aa9b:31728:23
notifyNext@http://localhost:9877/base/test.ts?d8e9014e39ec8b19e05c2de6427ccf40ade7aa9b:55719:34
_next@http://localhost:9877/base/test.ts?d8e9014e39ec8b19e05c2de6427ccf40ade7aa9b:240554:31
next@http://localhost:9877/base/test.ts?d8e9014e39ec8b19e05c2de6427ccf40ade7aa9b:31728:23
_next@http://localhost:9877/base/test.ts?d8e9014e39ec8b19e05c2de6427ccf40ade7aa9b:45979:30
next@http://localhost:9877/base/test.ts?d8e9014e39ec8b19e05c2de6427ccf40ade7aa9b:31728:23
_subscribe@http://localhost:9877/base/test.ts?d8e9014e39ec8b19e05c2de6427ccf40ade7aa9b:65689:28
_trySubscribe@http://localhost:9877/base/test.ts?d8e9014e39ec8b19e05c2de6427ccf40ade7aa9b:15132:35
subscribe@http://localhost:9877/base/test.ts?d8e9014e39ec8b19e05c2de6427ccf40ade7aa9b:15120:40
call@http://localhost:9877/base/test.ts?d8e9014e39ec8b19e05c2de6427ccf40ade7aa9b:45950:32
subscribe@http://localhost:9877/base/test.ts?d8e9014e39ec8b19e05c2de6427ccf40ade7aa9b:15117:26
subscribeToResult@http://localhost:9877/base/test.ts?d8e9014e39ec8b19e05c2de6427ccf40ade7aa9b:36220:36
_innerSub@http://localhost:9877/base/test.ts?d8e9014e39ec8b19e05c2de6427ccf40ade7aa9b:55706:55
_tryNext@http://localhost:9877/base/test.ts?d8e9014e39ec8b19e05c2de6427ccf40ade7aa9b:55703:23
_next@http://localhost:9877/base/test.ts?d8e9014e39ec8b19e05c2de6427ccf40ade7aa9b:55686:26
next@http://localhost:9877/base/test.ts?d8e9014e39ec8b19e05c2de6427ccf40ade7aa9b:31728:23
notifyNext@http://localhost:9877/base/test.ts?d8e9014e39ec8b19e05c2de6427ccf40ade7aa9b:55719:34
_next@http://localhost:9877/base/test.ts?d8e9014e39ec8b19e05c2de6427ccf40ade7aa9b:240554:31
next@http://localhost:9877/base/test.ts?d8e9014e39ec8b19e05c2de6427ccf40ade7aa9b:31728:23
_next@http://localhost:9877/base/test.ts?d8e9014e39ec8b19e05c2de6427ccf40ade7aa9b:45979:30
next@http://localhost:9877/base/test.ts?d8e9014e39ec8b19e05c2de6427ccf40ade7aa9b:31728:23
_complete@http://localhost:9877/base/test.ts?d8e9014e39ec8b19e05c2de6427ccf40ade7aa9b:60525:34
complete@http://localhost:9877/base/test.ts?d8e9014e39ec8b19e05c2de6427ccf40ade7aa9b:31753:27
_complete@http://localhost:9877/base/test.ts?d8e9014e39ec8b19e05c2de6427ccf40ade7aa9b:55711:38
complete@http://localhost:9877/base/test.ts?d8e9014e39ec8b19e05c2de6427ccf40ade7aa9b:31753:27
_subscribe@http://localhost:9877/base/test.ts?d8e9014e39ec8b19e05c2de6427ccf40ade7aa9b:53747:32
_trySubscribe@http://localhost:9877/base/test.ts?d8e9014e39ec8b19e05c2de6427ccf40ade7aa9b:15132:35
subscribe@http://localhost:9877/base/test.ts?d8e9014e39ec8b19e05c2de6427ccf40ade7aa9b:15120:40
call@http://localhost:9877/base/test.ts?d8e9014e39ec8b19e05c2de6427ccf40ade7aa9b:55661:32
subscribe@http://localhost:9877/base/test.ts?d8e9014e39ec8b19e05c2de6427ccf40ade7aa9b:15117:26
call@http://localhost:9877/base/test.ts?d8e9014e39ec8b19e05c2de6427ccf40ade7aa9b:60480:32
subscribe@http://localhost:9877/base/test.ts?d8e9014e39ec8b19e05c2de6427ccf40ade7aa9b:15117:26
call@http://localhost:9877/base/test.ts?d8e9014e39ec8b19e05c2de6427ccf40ade7aa9b:45950:32
subscribe@http://localhost:9877/base/test.ts?d8e9014e39ec8b19e05c2de6427ccf40ade7aa9b:15117:26
subscribeToResult@http://localhost:9877/base/test.ts?d8e9014e39ec8b19e05c2de6427ccf40ade7aa9b:36220:36
_innerSub@http://localhost:9877/base/test.ts?d8e9014e39ec8b19e05c2de6427ccf40ade7aa9b:55706:55
_tryNext@http://localhost:9877/base/test.ts?d8e9014e39ec8b19e05c2de6427ccf40ade7aa9b:55703:23
_next@http://localhost:9877/base/test.ts?d8e9014e39ec8b19e05c2de6427ccf40ade7aa9b:55686:26
next@http://localhost:9877/base/test.ts?d8e9014e39ec8b19e05c2de6427ccf40ade7aa9b:31728:23
notifyNext@http://localhost:9877/base/test.ts?d8e9014e39ec8b19e05c2de6427ccf40ade7aa9b:55719:34
_next@http://localhost:9877/base/test.ts?d8e9014e39ec8b19e05c2de6427ccf40ade7aa9b:240554:31
next@http://localhost:9877/base/test.ts?d8e9014e39ec8b19e05c2de6427ccf40ade7aa9b:31728:23
_next@http://localhost:9877/base/test.ts?d8e9014e39ec8b19e05c2de6427ccf40ade7aa9b:45979:30
next@http://localhost:9877/base/test.ts?d8e9014e39ec8b19e05c2de6427ccf40ade7aa9b:31728:23
notifyNext@http://localhost:9877/base/test.ts?d8e9014e39ec8b19e05c2de6427ccf40ade7aa9b:55719:34
_next@http://localhost:9877/base/test.ts?d8e9014e39ec8b19e05c2de6427ccf40ade7aa9b:240554:31
next@http://localhost:9877/base/test.ts?d8e9014e39ec8b19e05c2de6427ccf40ade7aa9b:31728:23
notifyComplete@http://localhost:9877/base/test.ts?d8e9014e39ec8b19e05c2de6427ccf40ade7aa9b:161921:30
_complete@http://localhost:9877/base/test.ts?d8e9014e39ec8b19e05c2de6427ccf40ade7aa9b:161938:28
complete@http://localhost:9877/base/test.ts?d8e9014e39ec8b19e05c2de6427ccf40ade7aa9b:31753:27
_complete@http://localhost:9877/base/test.ts?d8e9014e39ec8b19e05c2de6427ccf40ade7aa9b:55711:38
complete@http://localhost:9877/base/test.ts?d8e9014e39ec8b19e05c2de6427ccf40ade7aa9b:31753:27
_subscribe@http://localhost:9877/base/test.ts?d8e9014e39ec8b19e05c2de6427ccf40ade7aa9b:53747:32
_trySubscribe@http://localhost:9877/base/test.ts?d8e9014e39ec8b19e05c2de6427ccf40ade7aa9b:15132:35
subscribe@http://localhost:9877/base/test.ts?d8e9014e39ec8b19e05c2de6427ccf40ade7aa9b:15120:40
call@http://localhost:9877/base/test.ts?d8e9014e39ec8b19e05c2de6427ccf40ade7aa9b:55661:32
subscribe@http://localhost:9877/base/test.ts?d8e9014e39ec8b19e05c2de6427ccf40ade7aa9b:15117:26
call@http://localhost:9877/base/test.ts?d8e9014e39ec8b19e05c2de6427ccf40ade7aa9b:161901:32
subscribe@http://localhost:9877/base/test.ts?d8e9014e39ec8b19e05c2de6427ccf40ade7aa9b:15117:26
subscribeToResult@http://localhost:9877/base/test.ts?d8e9014e39ec8b19e05c2de6427ccf40ade7aa9b:36220:36
_innerSub@http://localhost:9877/base/test.ts?d8e9014e39ec8b19e05c2de6427ccf40ade7aa9b:55706:55
_tryNext@http://localhost:9877/base/test.ts?d8e9014e39ec8b19e05c2de6427ccf40ade7aa9b:55703:23
_next@http://localhost:9877/base/test.ts?d8e9014e39ec8b19e05c2de6427ccf40ade7aa9b:55686:26
next@http://localhost:9877/base/test.ts?d8e9014e39ec8b19e05c2de6427ccf40ade7aa9b:31728:23
notifyComplete@http://localhost:9877/base/test.ts?d8e9014e39ec8b19e05c2de6427ccf40ade7aa9b:161921:30
_complete@http://localhost:9877/base/test.ts?d8e9014e39ec8b19e05c2de6427ccf40ade7aa9b:161938:28
complete@http://localhost:9877/base/test.ts?d8e9014e39ec8b19e05c2de6427ccf40ade7aa9b:31753:27
_complete@http://localhost:9877/base/test.ts?d8e9014e39ec8b19e05c2de6427ccf40ade7aa9b:55711:38
complete@http://localhost:9877/base/test.ts?d8e9014e39ec8b19e05c2de6427ccf40ade7aa9b:31753:27
_subscribe@http://localhost:9877/base/test.ts?d8e9014e39ec8b19e05c2de6427ccf40ade7aa9b:53747:32
_trySubscribe@http://localhost:9877/base/test.ts?d8e9014e39ec8b19e05c2de6427ccf40ade7aa9b:15132:35
subscribe@http://localhost:9877/base/test.ts?d8e9014e39ec8b19e05c2de6427ccf40ade7aa9b:15120:40
call@http://localhost:9877/base/test.ts?d8e9014e39ec8b19e05c2de6427ccf40ade7aa9b:55661:32
subscribe@http://localhost:9877/base/test.ts?d8e9014e39ec8b19e05c2de6427ccf40ade7aa9b:15117:26
call@http://localhost:9877/base/test.ts?d8e9014e39ec8b19e05c2de6427ccf40ade7aa9b:161901:32
subscribe@http://localhost:9877/base/test.ts?d8e9014e39ec8b19e05c2de6427ccf40ade7aa9b:15117:26
call@http://localhost:9877/base/test.ts?d8e9014e39ec8b19e05c2de6427ccf40ade7aa9b:55661:32
subscribe@http://localhost:9877/base/test.ts?d8e9014e39ec8b19e05c2de6427ccf40ade7aa9b:15117:26
call@http://localhost:9877/base/test.ts?d8e9014e39ec8b19e05c2de6427ccf40ade7aa9b:45950:32
subscribe@http://localhost:9877/base/test.ts?d8e9014e39ec8b19e05c2de6427ccf40ade7aa9b:15117:26
subscribeToResult@http://localhost:9877/base/test.ts?d8e9014e39ec8b19e05c2de6427ccf40ade7aa9b:36220:36
_innerSub@http://localhost:9877/base/test.ts?d8e9014e39ec8b19e05c2de6427ccf40ade7aa9b:55706:55
_tryNext@http://localhost:9877/base/test.ts?d8e9014e39ec8b19e05c2de6427ccf40ade7aa9b:55703:23
_next@http://localhost:9877/base/test.ts?d8e9014e39ec8b19e05c2de6427ccf40ade7aa9b:55686:26
next@http://localhost:9877/base/test.ts?d8e9014e39ec8b19e05c2de6427ccf40ade7aa9b:31728:23
_next@http://localhost:9877/base/test.ts?d8e9014e39ec8b19e05c2de6427ccf40ade7aa9b:45979:30
next@http://localhost:9877/base/test.ts?d8e9014e39ec8b19e05c2de6427ccf40ade7aa9b:31728:23
notifyNext@http://localhost:9877/base/test.ts?d8e9014e39ec8b19e05c2de6427ccf40ade7aa9b:55719:34
_next@http://localhost:9877/base/test.ts?d8e9014e39ec8b19e05c2de6427ccf40ade7aa9b:240554:31
next@http://localhost:9877/base/test.ts?d8e9014e39ec8b19e05c2de6427ccf40ade7aa9b:31728:23
_next@http://localhost:9877/base/test.ts?d8e9014e39ec8b19e05c2de6427ccf40ade7aa9b:45979:30
next@http://localhost:9877/base/test.ts?d8e9014e39ec8b19e05c2de6427ccf40ade7aa9b:31728:23
_subscribe@http://localhost:9877/base/test.ts?d8e9014e39ec8b19e05c2de6427ccf40ade7aa9b:65689:28
_trySubscribe@http://localhost:9877/base/test.ts?d8e9014e39ec8b19e05c2de6427ccf40ade7aa9b:15132:35
subscribe@http://localhost:9877/base/test.ts?d8e9014e39ec8b19e05c2de6427ccf40ade7aa9b:15120:40
call@http://localhost:9877/base/test.ts?d8e9014e39ec8b19e05c2de6427ccf40ade7aa9b:45950:32
subscribe@http://localhost:9877/base/test.ts?d8e9014e39ec8b19e05c2de6427ccf40ade7aa9b:15117:26
subscribeToResult@http://localhost:9877/base/test.ts?d8e9014e39ec8b19e05c2de6427ccf40ade7aa9b:36220:36
_innerSub@http://localhost:9877/base/test.ts?d8e9014e39ec8b19e05c2de6427ccf40ade7aa9b:55706:55
_tryNext@http://localhost:9877/base/test.ts?d8e9014e39ec8b19e05c2de6427ccf40ade7aa9b:55703:23
_next@http://localhost:9877/base/test.ts?d8e9014e39ec8b19e05c2de6427ccf40ade7aa9b:55686:26
next@http://localhost:9877/base/test.ts?d8e9014e39ec8b19e05c2de6427ccf40ade7aa9b:31728:23
notifyNext@http://localhost:9877/base/test.ts?d8e9014e39ec8b19e05c2de6427ccf40ade7aa9b:55719:34
_next@http://localhost:9877/base/test.ts?d8e9014e39ec8b19e05c2de6427ccf40ade7aa9b:240554:31
next@http://localhost:9877/base/test.ts?d8e9014e39ec8b19e05c2de6427ccf40ade7aa9b:31728:23
_next@http://localhost:9877/base/test.ts?d8e9014e39ec8b19e05c2de6427ccf40ade7aa9b:45979:30
next@http://localhost:9877/base/test.ts?d8e9014e39ec8b19e05c2de6427ccf40ade7aa9b:31728:23
_subscribe@http://localhost:9877/base/test.ts?d8e9014e39ec8b19e05c2de6427ccf40ade7aa9b:65689:28
_trySubscribe@http://localhost:9877/base/test.ts?d8e9014e39ec8b19e05c2de6427ccf40ade7aa9b:15132:35
subscribe@http://localhost:9877/base/test.ts?d8e9014e39ec8b19e05c2de6427ccf40ade7aa9b:15120:40
call@http://localhost:9877/base/test.ts?d8e9014e39ec8b19e05c2de6427ccf40ade7aa9b:45950:32
subscribe@http://localhost:9877/base/test.ts?d8e9014e39ec8b19e05c2de6427ccf40ade7aa9b:15117:26
subscribeToResult@http://localhost:9877/base/test.ts?d8e9014e39ec8b19e05c2de6427ccf40ade7aa9b:36220:36
_innerSub@http://localhost:9877/base/test.ts?d8e9014e39ec8b19e05c2de6427ccf40ade7aa9b:55706:55
_tryNext@http://localhost:9877/base/test.ts?d8e9014e39ec8b19e05c2de6427ccf40ade7aa9b:55703:23
_next@http://localhost:9877/base/test.ts?d8e9014e39ec8b19e05c2de6427ccf40ade7aa9b:55686:26
next@http://localhost:9877/base/test.ts?d8e9014e39ec8b19e05c2de6427ccf40ade7aa9b:31728:23
_next@http://localhost:9877/base/test.ts?d8e9014e39ec8b19e05c2de6427ccf40ade7aa9b:31764:30
next@http://localhost:9877/base/test.ts?d8e9014e39ec8b19e05c2de6427ccf40ade7aa9b:31728:23
_next@http://localhost:9877/base/test.ts?d8e9014e39ec8b19e05c2de6427ccf40ade7aa9b:45979:30
next@http://localhost:9877/base/test.ts?d8e9014e39ec8b19e05c2de6427ccf40ade7aa9b:31728:23
_next@http://localhost:9877/base/test.ts?d8e9014e39ec8b19e05c2de6427ccf40ade7aa9b:45979:30
next@http://localhost:9877/base/test.ts?d8e9014e39ec8b19e05c2de6427ccf40ade7aa9b:31728:23
_next@http://localhost:9877/base/test.ts?d8e9014e39ec8b19e05c2de6427ccf40ade7aa9b:45979:30
next@http://localhost:9877/base/test.ts?d8e9014e39ec8b19e05c2de6427ccf40ade7aa9b:31728:23
_complete@http://localhost:9877/base/test.ts?d8e9014e39ec8b19e05c2de6427ccf40ade7aa9b:162376:29
complete@http://localhost:9877/base/test.ts?d8e9014e39ec8b19e05c2de6427ccf40ade7aa9b:31753:27
_complete@http://localhost:9877/base/test.ts?d8e9014e39ec8b19e05c2de6427ccf40ade7aa9b:57426:38
complete@http://localhost:9877/base/test.ts?d8e9014e39ec8b19e05c2de6427ccf40ade7aa9b:31753:27
_subscribe@http://localhost:9877/base/test.ts?d8e9014e39ec8b19e05c2de6427ccf40ade7aa9b:65691:36
_trySubscribe@http://localhost:9877/base/test.ts?d8e9014e39ec8b19e05c2de6427ccf40ade7aa9b:15132:35
subscribe@http://localhost:9877/base/test.ts?d8e9014e39ec8b19e05c2de6427ccf40ade7aa9b:15120:40
call@http://localhost:9877/base/test.ts?d8e9014e39ec8b19e05c2de6427ccf40ade7aa9b:57395:32
subscribe@http://localhost:9877/base/test.ts?d8e9014e39ec8b19e05c2de6427ccf40ade7aa9b:15117:26
call@http://localhost:9877/base/test.ts?d8e9014e39ec8b19e05c2de6427ccf40ade7aa9b:162305:32
subscribe@http://localhost:9877/base/test.ts?d8e9014e39ec8b19e05c2de6427ccf40ade7aa9b:15117:26
call@http://localhost:9877/base/test.ts?d8e9014e39ec8b19e05c2de6427ccf40ade7aa9b:45950:32
subscribe@http://localhost:9877/base/test.ts?d8e9014e39ec8b19e05c2de6427ccf40ade7aa9b:15117:26
call@http://localhost:9877/base/test.ts?d8e9014e39ec8b19e05c2de6427ccf40ade7aa9b:45950:32
subscribe@http://localhost:9877/base/test.ts?d8e9014e39ec8b19e05c2de6427ccf40ade7aa9b:15117:26
call@http://localhost:9877/base/test.ts?d8e9014e39ec8b19e05c2de6427ccf40ade7aa9b:45950:32
subscribe@http://localhost:9877/base/test.ts?d8e9014e39ec8b19e05c2de6427ccf40ade7aa9b:15117:26
call@http://localhost:9877/base/test.ts?d8e9014e39ec8b19e05c2de6427ccf40ade7aa9b:161687:32
subscribe@http://localhost:9877/base/test.ts?d8e9014e39ec8b19e05c2de6427ccf40ade7aa9b:15117:26
call@http://localhost:9877/base/test.ts?d8e9014e39ec8b19e05c2de6427ccf40ade7aa9b:55661:32
subscribe@http://localhost:9877/base/test.ts?d8e9014e39ec8b19e05c2de6427ccf40ade7aa9b:15117:26
call@http://localhost:9877/base/test.ts?d8e9014e39ec8b19e05c2de6427ccf40ade7aa9b:55661:32
subscribe@http://localhost:9877/base/test.ts?d8e9014e39ec8b19e05c2de6427ccf40ade7aa9b:15117:26
call@http://localhost:9877/base/test.ts?d8e9014e39ec8b19e05c2de6427ccf40ade7aa9b:45950:32
subscribe@http://localhost:9877/base/test.ts?d8e9014e39ec8b19e05c2de6427ccf40ade7aa9b:15117:26
call@http://localhost:9877/base/test.ts?d8e9014e39ec8b19e05c2de6427ccf40ade7aa9b:55661:32
subscribe@http://localhost:9877/base/test.ts?d8e9014e39ec8b19e05c2de6427ccf40ade7aa9b:15117:26
call@http://localhost:9877/base/test.ts?d8e9014e39ec8b19e05c2de6427ccf40ade7aa9b:55661:32
subscribe@http://localhost:9877/base/test.ts?d8e9014e39ec8b19e05c2de6427ccf40ade7aa9b:15117:26
call@http://localhost:9877/base/test.ts?d8e9014e39ec8b19e05c2de6427ccf40ade7aa9b:55661:32
subscribe@http://localhost:9877/base/test.ts?d8e9014e39ec8b19e05c2de6427ccf40ade7aa9b:15117:26
call@http://localhost:9877/base/test.ts?d8e9014e39ec8b19e05c2de6427ccf40ade7aa9b:45950:32
subscribe@http://localhost:9877/base/test.ts?d8e9014e39ec8b19e05c2de6427ccf40ade7aa9b:15117:26
http://localhost:9877/base/test.ts?d8e9014e39ec8b19e05c2de6427ccf40ade7aa9b:15164:43
ZoneAwarePromise@http://localhost:9877/base/test.ts?d8e9014e39ec8b19e05c2de6427ccf40ade7aa9b:168755:37
forEach@http://localhost:9877/base/test.ts?d8e9014e39ec8b19e05c2de6427ccf40ade7aa9b:15160:31
http://localhost:9877/base/test.ts?d8e9014e39ec8b19e05c2de6427ccf40ade7aa9b:29522:25
ZoneAwarePromise@http://localhost:9877/base/test.ts?d8e9014e39ec8b19e05c2de6427ccf40ade7aa9b:168755:37
runNavigate@http://localhost:9877/base/test.ts?d8e9014e39ec8b19e05c2de6427ccf40ade7aa9b:29447:27
http://localhost:9877/base/test.ts?d8e9014e39ec8b19e05c2de6427ccf40ade7aa9b:29414:62
invoke@http://localhost:9877/base/test.ts?d8e9014e39ec8b19e05c2de6427ccf40ade7aa9b:168312:31
onInvoke@http://localhost:9877/base/test.ts?d8e9014e39ec8b19e05c2de6427ccf40ade7aa9b:167817:45
invoke@http://localhost:9877/base/test.ts?d8e9014e39ec8b19e05c2de6427ccf40ade7aa9b:168311:40
run@http://localhost:9877/base/test.ts?d8e9014e39ec8b19e05c2de6427ccf40ade7aa9b:168062:49
http://localhost:9877/base/test.ts?d8e9014e39ec8b19e05c2de6427ccf40ade7aa9b:168739:60
invokeTask@http://localhost:9877/base/test.ts?d8e9014e39ec8b19e05c2de6427ccf40ade7aa9b:168345:36
onInvokeTask@http://localhost:9877/base/test.ts?d8e9014e39ec8b19e05c2de6427ccf40ade7aa9b:167841:49
invokeTask@http://localhost:9877/base/test.ts?d8e9014e39ec8b19e05c2de6427ccf40ade7aa9b:168344:48
runTask@http://localhost:9877/base/test.ts?d8e9014e39ec8b19e05c2de6427ccf40ade7aa9b:168112:57
drainMicroTaskQueue@http://localhost:9877/base/test.ts?d8e9014e39ec8b19e05c2de6427ccf40ade7aa9b:168505:42
invoke@http://localhost:9877/base/test.ts?d8e9014e39ec8b19e05c2de6427ccf40ade7aa9b:168411:44
timer@http://localhost:9877/base/test.ts?d8e9014e39ec8b19e05c2de6427ccf40ade7aa9b:169461:34', ngDebugContext: DebugContext_{view: Object{def: ..., parent: ..., viewContainerParent: ..., parentNodeDef: ..., context: ..., component: ..., nodes: ..., state: ..., root: ..., renderer: ..., oldValues: ..., disposables: ...}, nodeIndex: 1, nodeDef: Object{index: ..., parent: ..., renderParent: ..., bindingIndex: ..., outputIndex: ..., flags: ..., childFlags: ..., directChildFlags: ..., childMatchedQueries: ..., matchedQueries: ..., matchedQueryIds: ..., references: ..., ngContentIndex: ..., childCount: ..., bindings: ..., bindingFlags: ..., outputs: ..., element: ..., provider: ..., text: ..., query: ..., ngContent: ...}, elDef: Object{index: ..., parent: ..., renderParent: ..., bindingIndex: ..., outputIndex: ..., flags: ..., childFlags: ..., directChildFlags: ..., childMatchedQueries: ..., matchedQueries: ..., matchedQueryIds: ..., references: ..., ngContentIndex: ..., childCount: ..., bindings: ..., bindingFlags: ..., outputs: ..., element: ..., provider: ..., text: ..., query: ..., ngContent: ...}, elView: Object{def: ..., parent: ..., viewContainerParent: ..., parentNodeDef: ..., context: ..., component: ..., nodes: ..., state: ..., root: ..., renderer: ..., oldValues: ..., disposables: ...}}, ngErrorLogger: function () { ... }, __zone_symbol__currentTask: ZoneTask{_zone: Zone{_properties: ..., _parent: ..., _name: ..., _zoneDelegate: ...}, runCount: 0, _zoneDelegates: null, _state: 'notScheduled', type: 'microTask', source: 'Promise.then', data: undefined, scheduleFn: undefined, cancelFn: null, callback: function () { ... }, invoke: function () { ... }}}, '_throwOrNull@http://localhost:9877/base/test.ts?d8e9014e39ec8b19e05c2de6427ccf40ade7aa9b:2926:45
_getByKeyDefault@http://localhost:9877/base/test.ts?d8e9014e39ec8b19e05c2de6427ccf40ade7aa9b:2965:37
_getByKey@http://localhost:9877/base/test.ts?d8e9014e39ec8b19e05c2de6427ccf40ade7aa9b:2897:41
get@http://localhost:9877/base/test.ts?d8e9014e39ec8b19e05c2de6427ccf40ade7aa9b:2766:30
resolveNgModuleDep@http://localhost:9877/base/test.ts?d8e9014e39ec8b19e05c2de6427ccf40ade7aa9b:9750:28
_createClass@http://localhost:9877/base/test.ts?d8e9014e39ec8b19e05c2de6427ccf40ade7aa9b:9796:92
_createProviderInstance$1@http://localhost:9877/base/test.ts?d8e9014e39ec8b19e05c2de6427ccf40ade7aa9b:9761:38
resolveNgModuleDep@http://localhost:9877/base/test.ts?d8e9014e39ec8b19e05c2de6427ccf40ade7aa9b:9746:42
_createClass@http://localhost:9877/base/test.ts?d8e9014e39ec8b19e05c2de6427ccf40ade7aa9b:9801:50
_createProviderInstance$1@http://localhost:9877/base/test.ts?d8e9014e39ec8b19e05c2de6427ccf40ade7aa9b:9761:38
resolveNgModuleDep@http://localhost:9877/base/test.ts?d8e9014e39ec8b19e05c2de6427ccf40ade7aa9b:9746:42
_createClass@http://localhost:9877/base/test.ts?d8e9014e39ec8b19e05c2de6427ccf40ade7aa9b:9793:83
_createProviderInstance$1@http://localhost:9877/base/test.ts?d8e9014e39ec8b19e05c2de6427ccf40ade7aa9b:9761:38
resolveNgModuleDep@http://localhost:9877/base/test.ts?d8e9014e39ec8b19e05c2de6427ccf40ade7aa9b:9746:42
get@http://localhost:9877/base/test.ts?d8e9014e39ec8b19e05c2de6427ccf40ade7aa9b:10832:34
resolveDep@http://localhost:9877/base/test.ts?d8e9014e39ec8b19e05c2de6427ccf40ade7aa9b:11335:48
createClass@http://localhost:9877/base/test.ts?d8e9014e39ec8b19e05c2de6427ccf40ade7aa9b:11194:45
createDirectiveInstance@http://localhost:9877/base/test.ts?d8e9014e39ec8b19e05c2de6427ccf40ade7aa9b:11019:48
createViewNodes@http://localhost:9877/base/test.ts?d8e9014e39ec8b19e05c2de6427ccf40ade7aa9b:12455:72
createRootView@http://localhost:9877/base/test.ts?d8e9014e39ec8b19e05c2de6427ccf40ade7aa9b:12350:20
callWithDebugContext@http://localhost:9877/base/test.ts?d8e9014e39ec8b19e05c2de6427ccf40ade7aa9b:13733:47
debugCreateRootView@http://localhost:9877/base/test.ts?d8e9014e39ec8b19e05c2de6427ccf40ade7aa9b:13050:32
create@http://localhost:9877/base/test.ts?d8e9014e39ec8b19e05c2de6427ccf40ade7aa9b:10133:60
create@http://localhost:9877/base/test.ts?d8e9014e39ec8b19e05c2de6427ccf40ade7aa9b:3610:35
createComponent@http://localhost:9877/base/test.ts?d8e9014e39ec8b19e05c2de6427ccf40ade7aa9b:10335:68
activateWith@http://localhost:9877/base/test.ts?d8e9014e39ec8b19e05c2de6427ccf40ade7aa9b:30961:55
activateRoutes@http://localhost:9877/base/test.ts?d8e9014e39ec8b19e05c2de6427ccf40ade7aa9b:30093:52
http://localhost:9877/base/test.ts?d8e9014e39ec8b19e05c2de6427ccf40ade7aa9b:30044:72
forEach@[native code]
activateChildRoutes@http://localhost:9877/base/test.ts?d8e9014e39ec8b19e05c2de6427ccf40ade7aa9b:30044:36
activate@http://localhost:9877/base/test.ts?d8e9014e39ec8b19e05c2de6427ccf40ade7aa9b:29937:33
http://localhost:9877/base/test.ts?d8e9014e39ec8b19e05c2de6427ccf40ade7aa9b:29541:30
http://localhost:9877/base/test.ts?d8e9014e39ec8b19e05c2de6427ccf40ade7aa9b:15185:25
__tryOrSetError@http://localhost:9877/base/test.ts?d8e9014e39ec8b19e05c2de6427ccf40ade7aa9b:31886:20
next@http://localhost:9877/base/test.ts?d8e9014e39ec8b19e05c2de6427ccf40ade7aa9b:31826:42
_next@http://localhost:9877/base/test.ts?d8e9014e39ec8b19e05c2de6427ccf40ade7aa9b:31764:30
next@http://localhost:9877/base/test.ts?d8e9014e39ec8b19e05c2de6427ccf40ade7aa9b:31728:23
_next@http://localhost:9877/base/test.ts?d8e9014e39ec8b19e05c2de6427ccf40ade7aa9b:45979:30
next@http://localhost:9877/base/test.ts?d8e9014e39ec8b19e05c2de6427ccf40ade7aa9b:31728:23
notifyNext@http://localhost:9877/base/test.ts?d8e9014e39ec8b19e05c2de6427ccf40ade7aa9b:55719:34
_next@http://localhost:9877/base/test.ts?d8e9014e39ec8b19e05c2de6427ccf40ade7aa9b:240554:31
next@http://localhost:9877/base/test.ts?d8e9014e39ec8b19e05c2de6427ccf40ade7aa9b:31728:23
_next@http://localhost:9877/base/test.ts?d8e9014e39ec8b19e05c2de6427ccf40ade7aa9b:45979:30
next@http://localhost:9877/base/test.ts?d8e9014e39ec8b19e05c2de6427ccf40ade7aa9b:31728:23
_subscribe@http://localhost:9877/base/test.ts?d8e9014e39ec8b19e05c2de6427ccf40ade7aa9b:65689:28
_trySubscribe@http://localhost:9877/base/test.ts?d8e9014e39ec8b19e05c2de6427ccf40ade7aa9b:15132:35
subscribe@http://localhost:9877/base/test.ts?d8e9014e39ec8b19e05c2de6427ccf40ade7aa9b:15120:40
call@http://localhost:9877/base/test.ts?d8e9014e39ec8b19e05c2de6427ccf40ade7aa9b:45950:32
subscribe@http://localhost:9877/base/test.ts?d8e9014e39ec8b19e05c2de6427ccf40ade7aa9b:15117:26
subscribeToResult@http://localhost:9877/base/test.ts?d8e9014e39ec8b19e05c2de6427ccf40ade7aa9b:36220:36
_innerSub@http://localhost:9877/base/test.ts?d8e9014e39ec8b19e05c2de6427ccf40ade7aa9b:55706:55
_tryNext@http://localhost:9877/base/test.ts?d8e9014e39ec8b19e05c2de6427ccf40ade7aa9b:55703:23
_next@http://localhost:9877/base/test.ts?d8e9014e39ec8b19e05c2de6427ccf40ade7aa9b:55686:26
next@http://localhost:9877/base/test.ts?d8e9014e39ec8b19e05c2de6427ccf40ade7aa9b:31728:23
notifyNext@http://localhost:9877/base/test.ts?d8e9014e39ec8b19e05c2de6427ccf40ade7aa9b:55719:34
_next@http://localhost:9877/base/test.ts?d8e9014e39ec8b19e05c2de6427ccf40ade7aa9b:240554:31
next@http://localhost:9877/base/test.ts?d8e9014e39ec8b19e05c2de6427ccf40ade7aa9b:31728:23
_next@http://localhost:9877/base/test.ts?d8e9014e39ec8b19e05c2de6427ccf40ade7aa9b:45979:30
next@http://localhost:9877/base/test.ts?d8e9014e39ec8b19e05c2de6427ccf40ade7aa9b:31728:23
_complete@http://localhost:9877/base/test.ts?d8e9014e39ec8b19e05c2de6427ccf40ade7aa9b:60525:34
complete@http://localhost:9877/base/test.ts?d8e9014e39ec8b19e05c2de6427ccf40ade7aa9b:31753:27
_complete@http://localhost:9877/base/test.ts?d8e9014e39ec8b19e05c2de6427ccf40ade7aa9b:55711:38
complete@http://localhost:9877/base/test.ts?d8e9014e39ec8b19e05c2de6427ccf40ade7aa9b:31753:27
_subscribe@http://localhost:9877/base/test.ts?d8e9014e39ec8b19e05c2de6427ccf40ade7aa9b:53747:32
_trySubscribe@http://localhost:9877/base/test.ts?d8e9014e39ec8b19e05c2de6427ccf40ade7aa9b:15132:35
subscribe@http://localhost:9877/base/test.ts?d8e9014e39ec8b19e05c2de6427ccf40ade7aa9b:15120:40
call@http://localhost:9877/base/test.ts?d8e9014e39ec8b19e05c2de6427ccf40ade7aa9b:55661:32
subscribe@http://localhost:9877/base/test.ts?d8e9014e39ec8b19e05c2de6427ccf40ade7aa9b:15117:26
call@http://localhost:9877/base/test.ts?d8e9014e39ec8b19e05c2de6427ccf40ade7aa9b:60480:32
subscribe@http://localhost:9877/base/test.ts?d8e9014e39ec8b19e05c2de6427ccf40ade7aa9b:15117:26
call@http://localhost:9877/base/test.ts?d8e9014e39ec8b19e05c2de6427ccf40ade7aa9b:45950:32
subscribe@http://localhost:9877/base/test.ts?d8e9014e39ec8b19e05c2de6427ccf40ade7aa9b:15117:26
subscribeToResult@http://localhost:9877/base/test.ts?d8e9014e39ec8b19e05c2de6427ccf40ade7aa9b:36220:36
_innerSub@http://localhost:9877/base/test.ts?d8e9014e39ec8b19e05c2de6427ccf40ade7aa9b:55706:55
_tryNext@http://localhost:9877/base/test.ts?d8e9014e39ec8b19e05c2de6427ccf40ade7aa9b:55703:23
_next@http://localhost:9877/base/test.ts?d8e9014e39ec8b19e05c2de6427ccf40ade7aa9b:55686:26
next@http://localhost:9877/base/test.ts?d8e9014e39ec8b19e05c2de6427ccf40ade7aa9b:31728:23
notifyNext@http://localhost:9877/base/test.ts?d8e9014e39ec8b19e05c2de6427ccf40ade7aa9b:55719:34
_next@http://localhost:9877/base/test.ts?d8e9014e39ec8b19e05c2de6427ccf40ade7aa9b:240554:31
next@http://localhost:9877/base/test.ts?d8e9014e39ec8b19e05c2de6427ccf40ade7aa9b:31728:23
_next@http://localhost:9877/base/test.ts?d8e9014e39ec8b19e05c2de6427ccf40ade7aa9b:45979:30
next@http://localhost:9877/base/test.ts?d8e9014e39ec8b19e05c2de6427ccf40ade7aa9b:31728:23
notifyNext@http://localhost:9877/base/test.ts?d8e9014e39ec8b19e05c2de6427ccf40ade7aa9b:55719:34
_next@http://localhost:9877/base/test.ts?d8e9014e39ec8b19e05c2de6427ccf40ade7aa9b:240554:31
next@http://localhost:9877/base/test.ts?d8e9014e39ec8b19e05c2de6427ccf40ade7aa9b:31728:23
notifyComplete@http://localhost:9877/base/test.ts?d8e9014e39ec8b19e05c2de6427ccf40ade7aa9b:161921:30
_complete@http://localhost:9877/base/test.ts?d8e9014e39ec8b19e05c2de6427ccf40ade7aa9b:161938:28
complete@http://localhost:9877/base/test.ts?d8e9014e39ec8b19e05c2de6427ccf40ade7aa9b:31753:27
_complete@http://localhost:9877/base/test.ts?d8e9014e39ec8b19e05c2de6427ccf40ade7aa9b:55711:38
complete@http://localhost:9877/base/test.ts?d8e9014e39ec8b19e05c2de6427ccf40ade7aa9b:31753:27
_subscribe@http://localhost:9877/base/test.ts?d8e9014e39ec8b19e05c2de6427ccf40ade7aa9b:53747:32
_trySubscribe@http://localhost:9877/base/test.ts?d8e9014e39ec8b19e05c2de6427ccf40ade7aa9b:15132:35
subscribe@http://localhost:9877/base/test.ts?d8e9014e39ec8b19e05c2de6427ccf40ade7aa9b:15120:40
call@http://localhost:9877/base/test.ts?d8e9014e39ec8b19e05c2de6427ccf40ade7aa9b:55661:32
subscribe@http://localhost:9877/base/test.ts?d8e9014e39ec8b19e05c2de6427ccf40ade7aa9b:15117:26
call@http://localhost:9877/base/test.ts?d8e9014e39ec8b19e05c2de6427ccf40ade7aa9b:161901:32
subscribe@http://localhost:9877/base/test.ts?d8e9014e39ec8b19e05c2de6427ccf40ade7aa9b:15117:26
subscribeToResult@http://localhost:9877/base/test.ts?d8e9014e39ec8b19e05c2de6427ccf40ade7aa9b:36220:36
_innerSub@http://localhost:9877/base/test.ts?d8e9014e39ec8b19e05c2de6427ccf40ade7aa9b:55706:55
_tryNext@http://localhost:9877/base/test.ts?d8e9014e39ec8b19e05c2de6427ccf40ade7aa9b:55703:23
_next@http://localhost:9877/base/test.ts?d8e9014e39ec8b19e05c2de6427ccf40ade7aa9b:55686:26
next@http://localhost:9877/base/test.ts?d8e9014e39ec8b19e05c2de6427ccf40ade7aa9b:31728:23
notifyComplete@http://localhost:9877/base/test.ts?d8e9014e39ec8b19e05c2de6427ccf40ade7aa9b:161921:30
_complete@http://localhost:9877/base/test.ts?d8e9014e39ec8b19e05c2de6427ccf40ade7aa9b:161938:28
complete@http://localhost:9877/base/test.ts?d8e9014e39ec8b19e05c2de6427ccf40ade7aa9b:31753:27
_complete@http://localhost:9877/base/test.ts?d8e9014e39ec8b19e05c2de6427ccf40ade7aa9b:55711:38
complete@http://localhost:9877/base/test.ts?d8e9014e39ec8b19e05c2de6427ccf40ade7aa9b:31753:27
_subscribe@http://localhost:9877/base/test.ts?d8e9014e39ec8b19e05c2de6427ccf40ade7aa9b:53747:32
_trySubscribe@http://localhost:9877/base/test.ts?d8e9014e39ec8b19e05c2de6427ccf40ade7aa9b:15132:35
subscribe@http://localhost:9877/base/test.ts?d8e9014e39ec8b19e05c2de6427ccf40ade7aa9b:15120:40
call@http://localhost:9877/base/test.ts?d8e9014e39ec8b19e05c2de6427ccf40ade7aa9b:55661:32
subscribe@http://localhost:9877/base/test.ts?d8e9014e39ec8b19e05c2de6427ccf40ade7aa9b:15117:26
call@http://localhost:9877/base/test.ts?d8e9014e39ec8b19e05c2de6427ccf40ade7aa9b:161901:32
subscribe@http://localhost:9877/base/test.ts?d8e9014e39ec8b19e05c2de6427ccf40ade7aa9b:15117:26
call@http://localhost:9877/base/test.ts?d8e9014e39ec8b19e05c2de6427ccf40ade7aa9b:55661:32
subscribe@http://localhost:9877/base/test.ts?d8e9014e39ec8b19e05c2de6427ccf40ade7aa9b:15117:26
call@http://localhost:9877/base/test.ts?d8e9014e39ec8b19e05c2de6427ccf40ade7aa9b:45950:32
subscribe@http://localhost:9877/base/test.ts?d8e9014e39ec8b19e05c2de6427ccf40ade7aa9b:15117:26
subscribeToResult@http://localhost:9877/base/test.ts?d8e9014e39ec8b19e05c2de6427ccf40ade7aa9b:36220:36
_innerSub@http://localhost:9877/base/test.ts?d8e9014e39ec8b19e05c2de6427ccf40ade7aa9b:55706:55
_tryNext@http://localhost:9877/base/test.ts?d8e9014e39ec8b19e05c2de6427ccf40ade7aa9b:55703:23
_next@http://localhost:9877/base/test.ts?d8e9014e39ec8b19e05c2de6427ccf40ade7aa9b:55686:26
next@http://localhost:9877/base/test.ts?d8e9014e39ec8b19e05c2de6427ccf40ade7aa9b:31728:23
_next@http://localhost:9877/base/test.ts?d8e9014e39ec8b19e05c2de6427ccf40ade7aa9b:45979:30
next@http://localhost:9877/base/test.ts?d8e9014e39ec8b19e05c2de6427ccf40ade7aa9b:31728:23
notifyNext@http://localhost:9877/base/test.ts?d8e9014e39ec8b19e05c2de6427ccf40ade7aa9b:55719:34
_next@http://localhost:9877/base/test.ts?d8e9014e39ec8b19e05c2de6427ccf40ade7aa9b:240554:31
next@http://localhost:9877/base/test.ts?d8e9014e39ec8b19e05c2de6427ccf40ade7aa9b:31728:23
_next@http://localhost:9877/base/test.ts?d8e9014e39ec8b19e05c2de6427ccf40ade7aa9b:45979:30
next@http://localhost:9877/base/test.ts?d8e9014e39ec8b19e05c2de6427ccf40ade7aa9b:31728:23
_subscribe@http://localhost:9877/base/test.ts?d8e9014e39ec8b19e05c2de6427ccf40ade7aa9b:65689:28
_trySubscribe@http://localhost:9877/base/test.ts?d8e9014e39ec8b19e05c2de6427ccf40ade7aa9b:15132:35
subscribe@http://localhost:9877/base/test.ts?d8e9014e39ec8b19e05c2de6427ccf40ade7aa9b:15120:40
call@http://localhost:9877/base/test.ts?d8e9014e39ec8b19e05c2de6427ccf40ade7aa9b:45950:32
subscribe@http://localhost:9877/base/test.ts?d8e9014e39ec8b19e05c2de6427ccf40ade7aa9b:15117:26
subscribeToResult@http://localhost:9877/base/test.ts?d8e9014e39ec8b19e05c2de6427ccf40ade7aa9b:36220:36
_innerSub@http://localhost:9877/base/test.ts?d8e9014e39ec8b19e05c2de6427ccf40ade7aa9b:55706:55
_tryNext@http://localhost:9877/base/test.ts?d8e9014e39ec8b19e05c2de6427ccf40ade7aa9b:55703:23
_next@http://localhost:9877/base/test.ts?d8e9014e39ec8b19e05c2de6427ccf40ade7aa9b:55686:26
next@http://localhost:9877/base/test.ts?d8e9014e39ec8b19e05c2de6427ccf40ade7aa9b:31728:23
notifyNext@http://localhost:9877/base/test.ts?d8e9014e39ec8b19e05c2de6427ccf40ade7aa9b:55719:34
_next@http://localhost:9877/base/test.ts?d8e9014e39ec8b19e05c2de6427ccf40ade7aa9b:240554:31
next@http://localhost:9877/base/test.ts?d8e9014e39ec8b19e05c2de6427ccf40ade7aa9b:31728:23
_next@http://localhost:9877/base/test.ts?d8e9014e39ec8b19e05c2de6427ccf40ade7aa9b:45979:30
next@http://localhost:9877/base/test.ts?d8e9014e39ec8b19e05c2de6427ccf40ade7aa9b:31728:23
_subscribe@http://localhost:9877/base/test.ts?d8e9014e39ec8b19e05c2de6427ccf40ade7aa9b:65689:28
_trySubscribe@http://localhost:9877/base/test.ts?d8e9014e39ec8b19e05c2de6427ccf40ade7aa9b:15132:35
subscribe@http://localhost:9877/base/test.ts?d8e9014e39ec8b19e05c2de6427ccf40ade7aa9b:15120:40
call@http://localhost:9877/base/test.ts?d8e9014e39ec8b19e05c2de6427ccf40ade7aa9b:45950:32
subscribe@http://localhost:9877/base/test.ts?d8e9014e39ec8b19e05c2de6427ccf40ade7aa9b:15117:26
subscribeToResult@http://localhost:9877/base/test.ts?d8e9014e39ec8b19e05c2de6427ccf40ade7aa9b:36220:36
_innerSub@http://localhost:9877/base/test.ts?d8e9014e39ec8b19e05c2de6427ccf40ade7aa9b:55706:55
_tryNext@http://localhost:9877/base/test.ts?d8e9014e39ec8b19e05c2de6427ccf40ade7aa9b:55703:23
_next@http://localhost:9877/base/test.ts?d8e9014e39ec8b19e05c2de6427ccf40ade7aa9b:55686:26
next@http://localhost:9877/base/test.ts?d8e9014e39ec8b19e05c2de6427ccf40ade7aa9b:31728:23
_next@http://localhost:9877/base/test.ts?d8e9014e39ec8b19e05c2de6427ccf40ade7aa9b:31764:30
next@http://localhost:9877/base/test.ts?d8e9014e39ec8b19e05c2de6427ccf40ade7aa9b:31728:23
_next@http://localhost:9877/base/test.ts?d8e9014e39ec8b19e05c2de6427ccf40ade7aa9b:45979:30
next@http://localhost:9877/base/test.ts?d8e9014e39ec8b19e05c2de6427ccf40ade7aa9b:31728:23
_next@http://localhost:9877/base/test.ts?d8e9014e39ec8b19e05c2de6427ccf40ade7aa9b:45979:30
next@http://localhost:9877/base/test.ts?d8e9014e39ec8b19e05c2de6427ccf40ade7aa9b:31728:23
_next@http://localhost:9877/base/test.ts?d8e9014e39ec8b19e05c2de6427ccf40ade7aa9b:45979:30
next@http://localhost:9877/base/test.ts?d8e9014e39ec8b19e05c2de6427ccf40ade7aa9b:31728:23
_complete@http://localhost:9877/base/test.ts?d8e9014e39ec8b19e05c2de6427ccf40ade7aa9b:162376:29
complete@http://localhost:9877/base/test.ts?d8e9014e39ec8b19e05c2de6427ccf40ade7aa9b:31753:27
_complete@http://localhost:9877/base/test.ts?d8e9014e39ec8b19e05c2de6427ccf40ade7aa9b:57426:38
complete@http://localhost:9877/base/test.ts?d8e9014e39ec8b19e05c2de6427ccf40ade7aa9b:31753:27
_subscribe@http://localhost:9877/base/test.ts?d8e9014e39ec8b19e05c2de6427ccf40ade7aa9b:65691:36
_trySubscribe@http://localhost:9877/base/test.ts?d8e9014e39ec8b19e05c2de6427ccf40ade7aa9b:15132:35
subscribe@http://localhost:9877/base/test.ts?d8e9014e39ec8b19e05c2de6427ccf40ade7aa9b:15120:40
call@http://localhost:9877/base/test.ts?d8e9014e39ec8b19e05c2de6427ccf40ade7aa9b:57395:32
subscribe@http://localhost:9877/base/test.ts?d8e9014e39ec8b19e05c2de6427ccf40ade7aa9b:15117:26
call@http://localhost:9877/base/test.ts?d8e9014e39ec8b19e05c2de6427ccf40ade7aa9b:162305:32
subscribe@http://localhost:9877/base/test.ts?d8e9014e39ec8b19e05c2de6427ccf40ade7aa9b:15117:26
call@http://localhost:9877/base/test.ts?d8e9014e39ec8b19e05c2de6427ccf40ade7aa9b:45950:32
subscribe@http://localhost:9877/base/test.ts?d8e9014e39ec8b19e05c2de6427ccf40ade7aa9b:15117:26
call@http://localhost:9877/base/test.ts?d8e9014e39ec8b19e05c2de6427ccf40ade7aa9b:45950:32
subscribe@http://localhost:9877/base/test.ts?d8e9014e39ec8b19e05c2de6427ccf40ade7aa9b:15117:26
call@http://localhost:9877/base/test.ts?d8e9014e39ec8b19e05c2de6427ccf40ade7aa9b:45950:32
subscribe@http://localhost:9877/base/test.ts?d8e9014e39ec8b19e05c2de6427ccf40ade7aa9b:15117:26
call@http://localhost:9877/base/test.ts?d8e9014e39ec8b19e05c2de6427ccf40ade7aa9b:161687:32
subscribe@http://localhost:9877/base/test.ts?d8e9014e39ec8b19e05c2de6427ccf40ade7aa9b:15117:26
call@http://localhost:9877/base/test.ts?d8e9014e39ec8b19e05c2de6427ccf40ade7aa9b:55661:32
subscribe@http://localhost:9877/base/test.ts?d8e9014e39ec8b19e05c2de6427ccf40ade7aa9b:15117:26
call@http://localhost:9877/base/test.ts?d8e9014e39ec8b19e05c2de6427ccf40ade7aa9b:55661:32
subscribe@http://localhost:9877/base/test.ts?d8e9014e39ec8b19e05c2de6427ccf40ade7aa9b:15117:26
call@http://localhost:9877/base/test.ts?d8e9014e39ec8b19e05c2de6427ccf40ade7aa9b:45950:32
subscribe@http://localhost:9877/base/test.ts?d8e9014e39ec8b19e05c2de6427ccf40ade7aa9b:15117:26
call@http://localhost:9877/base/test.ts?d8e9014e39ec8b19e05c2de6427ccf40ade7aa9b:55661:32
subscribe@http://localhost:9877/base/test.ts?d8e9014e39ec8b19e05c2de6427ccf40ade7aa9b:15117:26
call@http://localhost:9877/base/test.ts?d8e9014e39ec8b19e05c2de6427ccf40ade7aa9b:55661:32
subscribe@http://localhost:9877/base/test.ts?d8e9014e39ec8b19e05c2de6427ccf40ade7aa9b:15117:26
call@http://localhost:9877/base/test.ts?d8e9014e39ec8b19e05c2de6427ccf40ade7aa9b:55661:32
subscribe@http://localhost:9877/base/test.ts?d8e9014e39ec8b19e05c2de6427ccf40ade7aa9b:15117:26
call@http://localhost:9877/base/test.ts?d8e9014e39ec8b19e05c2de6427ccf40ade7aa9b:45950:32
subscribe@http://localhost:9877/base/test.ts?d8e9014e39ec8b19e05c2de6427ccf40ade7aa9b:15117:26
http://localhost:9877/base/test.ts?d8e9014e39ec8b19e05c2de6427ccf40ade7aa9b:15164:43
ZoneAwarePromise@http://localhost:9877/base/test.ts?d8e9014e39ec8b19e05c2de6427ccf40ade7aa9b:168755:37
forEach@http://localhost:9877/base/test.ts?d8e9014e39ec8b19e05c2de6427ccf40ade7aa9b:15160:31
http://localhost:9877/base/test.ts?d8e9014e39ec8b19e05c2de6427ccf40ade7aa9b:29522:25
ZoneAwarePromise@http://localhost:9877/base/test.ts?d8e9014e39ec8b19e05c2de6427ccf40ade7aa9b:168755:37
runNavigate@http://localhost:9877/base/test.ts?d8e9014e39ec8b19e05c2de6427ccf40ade7aa9b:29447:27
http://localhost:9877/base/test.ts?d8e9014e39ec8b19e05c2de6427ccf40ade7aa9b:29414:62
invoke@http://localhost:9877/base/test.ts?d8e9014e39ec8b19e05c2de6427ccf40ade7aa9b:168312:31
onInvoke@http://localhost:9877/base/test.ts?d8e9014e39ec8b19e05c2de6427ccf40ade7aa9b:167817:45
invoke@http://localhost:9877/base/test.ts?d8e9014e39ec8b19e05c2de6427ccf40ade7aa9b:168311:40
run@http://localhost:9877/base/test.ts?d8e9014e39ec8b19e05c2de6427ccf40ade7aa9b:168062:49
http://localhost:9877/base/test.ts?d8e9014e39ec8b19e05c2de6427ccf40ade7aa9b:168739:60
invokeTask@http://localhost:9877/base/test.ts?d8e9014e39ec8b19e05c2de6427ccf40ade7aa9b:168345:36
onInvokeTask@http://localhost:9877/base/test.ts?d8e9014e39ec8b19e05c2de6427ccf40ade7aa9b:167841:49
invokeTask@http://localhost:9877/base/test.ts?d8e9014e39ec8b19e05c2de6427ccf40ade7aa9b:168344:48
runTask@http://localhost:9877/base/test.ts?d8e9014e39ec8b19e05c2de6427ccf40ade7aa9b:168112:57
drainMicroTaskQueue@http://localhost:9877/base/test.ts?d8e9014e39ec8b19e05c2de6427ccf40ade7aa9b:168505:42
invoke@http://localhost:9877/base/test.ts?d8e9014e39ec8b19e05c2de6427ccf40ade7aa9b:168411:44
timer@http://localhost:9877/base/test.ts?d8e9014e39ec8b19e05c2de6427ccf40ade7aa9b:169461:34'
,PhantomJS 2.1.1 (Mac OS X 0.0.0) ERROR: Error{line: 168692, sourceURL: 'http://localhost:9877/base/test.ts?d8e9014e39ec8b19e05c2de6427ccf40ade7aa9b', stack: 'resolvePromise@http://localhost:9877/base/test.ts?d8e9014e39ec8b19e05c2de6427ccf40ade7aa9b:168692:78
resolvePromise@http://localhost:9877/base/test.ts?d8e9014e39ec8b19e05c2de6427ccf40ade7aa9b:168662:31
[...]
debugCreateRootView@http://localhost:9877/base/test.ts?d8e9014e39ec8b19e05c2de6427ccf40ade7aa9b:13050:32
create@http://localhost:9877/base/test.ts?d8e9014e39ec8b19e05c2de6427ccf40ade7aa9b:10133:60
create@http://localhost:9877/base/test.ts?d8e9014e39ec8b19e05c2de6427ccf40ade7aa9b:3610:35
createComponent@http://localhost:9877/base/test.ts?d8e9014e39ec8b19e05c2de6427ccf40ade7aa9b:10335:68
activateWith@http://localhost:9877/base/test.ts?d8e9014e39ec8b19e05c2de6427ccf40ade7aa9b:30961:55
activateRoutes@http://localhost:9877/base/test.ts?d8e9014e39ec8b19e05c2de6427ccf40ade7aa9b:30093:52
http://localhost:9877/base/test.ts?d8e9014e39ec8b19e05c2de6427ccf40ade7aa9b:30044:72
forEach@[native code]
activateChildRoutes@http://localhost:9877/base/test.ts?d8e9014e39ec8b19e05c2de6427ccf40ade7aa9b:30044:36
activate@http://localhost:9877/base/test.ts?d8e9014e39ec8b19e05c2de6427ccf40ade7aa9b:29937:33
http://localhost:9877/base/test.ts?d8e9014e39ec8b19e05c2de6427ccf40ade7aa9b:29541:30
http://localhost:9877/base/test.ts?d8e9014e39ec8b19e05c2de6427ccf40ade7aa9b:15185:25
__tryOrSetError@http://localhost:9877/base/test.ts?d8e9014e39ec8b19e05c2de6427ccf40ade7aa9b:31886:20
next@http://localhost:9877/base/test.ts?d8e9014e39ec8b19e05c2de6427ccf40ade7aa9b:31826:42
_next@http://localhost:9877/base/test.ts?d8e9014e39ec8b19e05c2de6427ccf40ade7aa9b:31764:30
next@http://localhost:9877/base/test.ts?d8e9014e39ec8b19e05c2de6427ccf40ade7aa9b:31728:23
_next@http://localhost:9877/base/test.ts?d8e9014e39ec8b19e05c2de6427ccf40ade7aa9b:45979:30
next@http://localhost:9877/base/test.ts?d8e9014e39ec8b19e05c2de6427ccf40ade7aa9b:31728:23
notifyNext@http://localhost:9877/base/test.ts?d8e9014e39ec8b19e05c2de6427ccf40ade7aa9b:55719:34
_next@http://localhost:9877/base/test.ts?d8e9014e39ec8b19e05c2de6427ccf40ade7aa9b:240554:31
next@http://localhost:9877/base/test.ts?d8e9014e39ec8b19e05c2de6427ccf40ade7aa9b:31728:23
_next@http://localhost:9877/base/test.ts?d8e9014e39ec8b19e05c2de6427ccf40ade7aa9b:45979:30
next@http://localhost:9877/base/test.ts?d8e9014e39ec8b19e05c2de6427ccf40ade7aa9b:31728:23
_subscribe@http://localhost:9877/base/test.ts?d8e9014e39ec8b19e05c2de6427ccf40ade7aa9b:65689:28
_trySubscribe@http://localhost:9877/base/test.ts?d8e9014e39ec8b19e05c2de6427ccf40ade7aa9b:15132:35
subscribe@http://localhost:9877/base/test.ts?d8e9014e39ec8b19e05c2de6427ccf40ade7aa9b:15120:40
call@http://localhost:9877/base/test.ts?d8e9014e39ec8b19e05c2de6427ccf40ade7aa9b:45950:32
subscribe@http://localhost:9877/base/test.ts?d8e9014e39ec8b19e05c2de6427ccf40ade7aa9b:15117:26
subscribeToResult@http://localhost:9877/base/test.ts?d8e9014e39ec8b19e05c2de6427ccf40ade7aa9b:36220:36
_innerSub@http://localhost:9877/base/test.ts?d8e9014e39ec8b19e05c2de6427ccf40ade7aa9b:55706:55
_tryNext@http://localhost:9877/base/test.ts?d8e9014e39ec8b19e05c2de6427ccf40ade7aa9b:55703:23
_next@http://localhost:9877/base/test.ts?d8e9014e39ec8b19e05c2de6427ccf40ade7aa9b:55686:26
next@http://localhost:9877/base/test.ts?d8e9014e39ec8b19e05c2de6427ccf40ade7aa9b:31728:23
notifyNext@http://localhost:9877/base/test.ts?d8e9014e39ec8b19e05c2de6427ccf40ade7aa9b:55719:34
_next@http://localhost:9877/base/test.ts?d8e9014e39ec8b19e05c2de6427ccf40ade7aa9b:240554:31
next@http://localhost:9877/base/test.ts?d8e9014e39ec8b19e05c2de6427ccf40ade7aa9b:31728:23
_next@http://localhost:9877/base/test.ts?d8e9014e39ec8b19e05c2de6427ccf40ade7aa9b:45979:30
next@http://localhost:9877/base/test.ts?d8e9014e39ec8b19e05c2de6427ccf40ade7aa9b:31728:23
_complete@http://localhost:9877/base/test.ts?d8e9014e39ec8b19e05c2de6427ccf40ade7aa9b:60525:34
complete@http://localhost:9877/base/test.ts?d8e9014e39ec8b19e05c2de6427ccf40ade7aa9b:31753:27
_complete@http://localhost:9877/base/test.ts?d8e9014e39ec8b19e05c2de6427ccf40ade7aa9b:55711:38
complete@http://localhost:9877/base/test.ts?d8e9014e39ec8b19e05c2de6427ccf40ade7aa9b:31753:27
_subscribe@http://localhost:9877/base/test.ts?d8e9014e39ec8b19e05c2de6427ccf40ade7aa9b:53747:32
_trySubscribe@http://localhost:9877/base/test.ts?d8e9014e39ec8b19e05c2de6427ccf40ade7aa9b:15132:35
subscribe@http://localhost:9877/base/test.ts?d8e9014e39ec8b19e05c2de6427ccf40ade7aa9b:15120:40
call@http://localhost:9877/base/test.ts?d8e9014e39ec8b19e05c2de6427ccf40ade7aa9b:55661:32
subscribe@http://localhost:9877/base/test.ts?d8e9014e39ec8b19e05c2de6427ccf40ade7aa9b:15117:26
call@http://localhost:9877/base/test.ts?d8e9014e39ec8b19e05c2de6427ccf40ade7aa9b:60480:32
subscribe@http://localhost:9877/base/test.ts?d8e9014e39ec8b19e05c2de6427ccf40ade7aa9b:15117:26
call@http://localhost:9877/base/test.ts?d8e9014e39ec8b19e05c2de6427ccf40ade7aa9b:45950:32
subscribe@http://localhost:9877/base/test.ts?d8e9014e39ec8b19e05c2de6427ccf40ade7aa9b:15117:26
subscribeToResult@http://localhost:9877/base/test.ts?d8e9014e39ec8b19e05c2de6427ccf40ade7aa9b:36220:36
_innerSub@http://localhost:9877/base/test.ts?d8e9014e39ec8b19e05c2de6427ccf40ade7aa9b:55706:55
_tryNext@http://localhost:9877/base/test.ts?d8e9014e39ec8b19e05c2de6427ccf40ade7aa9b:55703:23
_next@http://localhost:9877/base/test.ts?d8e9014e39ec8b19e05c2de6427ccf40ade7aa9b:55686:26
next@http://localhost:9877/base/test.ts?d8e9014e39ec8b19e05c2de6427ccf40ade7aa9b:31728:23
notifyNext@http://localhost:9877/base/test.ts?d8e9014e39ec8b19e05c2de6427ccf40ade7aa9b:55719:34
_next@http://localhost:9877/base/test.ts?d8e9014e39ec8b19e05c2de6427ccf40ade7aa9b:240554:31
next@http://localhost:9877/base/test.ts?d8e9014e39ec8b19e05c2de6427ccf40ade7aa9b:31728:23
_next@http://localhost:9877/base/test.ts?d8e9014e39ec8b19e05c2de6427ccf40ade7aa9b:45979:30
next@http://localhost:9877/base/test.ts?d8e9014e39ec8b19e05c2de6427ccf40ade7aa9b:31728:23
notifyNext@http://localhost:9877/base/test.ts?d8e9014e39ec8b19e05c2de6427ccf40ade7aa9b:55719:34
_next@http://localhost:9877/base/test.ts?d8e9014e39ec8b19e05c2de6427ccf40ade7aa9b:240554:31
next@http://localhost:9877/base/test.ts?d8e9014e39ec8b19e05c2de6427ccf40ade7aa9b:31728:23
notifyComplete@http://localhost:9877/base/test.ts?d8e9014e39ec8b19e05c2de6427ccf40ade7aa9b:161921:30
_complete@http://localhost:9877/base/test.ts?d8e9014e39ec8b19e05c2de6427ccf40ade7aa9b:161938:28
complete@http://localhost:9877/base/test.ts?d8e9014e39ec8b19e05c2de6427ccf40ade7aa9b:31753:27
_complete@http://localhost:9877/base/test.ts?d8e9014e39ec8b19e05c2de6427ccf40ade7aa9b:55711:38
complete@http://localhost:9877/base/test.ts?d8e9014e39ec8b19e05c2de6427ccf40ade7aa9b:31753:27
_subscribe@http://localhost:9877/base/test.ts?d8e9014e39ec8b19e05c2de6427ccf40ade7aa9b:53747:32
_trySubscribe@http://localhost:9877/base/test.ts?d8e9014e39ec8b19e05c2de6427ccf40ade7aa9b:15132:35
subscribe@http://localhost:9877/base/test.ts?d8e9014e39ec8b19e05c2de6427ccf40ade7aa9b:15120:40
call@http://localhost:9877/base/test.ts?d8e9014e39ec8b19e05c2de6427ccf40ade7aa9b:55661:32
subscribe@http://localhost:9877/base/test.ts?d8e9014e39ec8b19e05c2de6427ccf40ade7aa9b:15117:26
call@http://localhost:9877/base/test.ts?d8e9014e39ec8b19e05c2de6427ccf40ade7aa9b:161901:32
subscribe@http://localhost:9877/base/test.ts?d8e9014e39ec8b19e05c2de6427ccf40ade7aa9b:15117:26
subscribeToResult@http://localhost:9877/base/test.ts?d8e9014e39ec8b19e05c2de6427ccf40ade7aa9b:36220:36
_innerSub@http://localhost:9877/base/test.ts?d8e9014e39ec8b19e05c2de6427ccf40ade7aa9b:55706:55
_tryNext@http://localhost:9877/base/test.ts?d8e9014e39ec8b19e05c2de6427ccf40ade7aa9b:55703:23
_next@http://localhost:9877/base/test.ts?d8e9014e39ec8b19e05c2de6427ccf40ade7aa9b:55686:26
next@http://localhost:9877/base/test.ts?d8e9014e39ec8b19e05c2de6427ccf40ade7aa9b:31728:23
notifyComplete@http://localhost:9877/base/test.ts?d8e9014e39ec8b19e05c2de6427ccf40ade7aa9b:161921:30
_complete@http://localhost:9877/base/test.ts?d8e9014e39ec8b19e05c2de6427ccf40ade7aa9b:161938:28
complete@http://localhost:9877/base/test.ts?d8e9014e39ec8b19e05c2de6427ccf40ade7aa9b:31753:27
_complete@http://localhost:9877/base/test.ts?d8e9014e39ec8b19e05c2de6427ccf40ade7aa9b:55711:38
complete@http://localhost:9877/base/test.ts?d8e9014e39ec8b19e05c2de6427ccf40ade7aa9b:31753:27
_subscribe@http://localhost:9877/base/test.ts?d8e9014e39ec8b19e05c2de6427ccf40ade7aa9b:53747:32
_trySubscribe@http://localhost:9877/base/test.ts?d8e9014e39ec8b19e05c2de6427ccf40ade7aa9b:15132:35
subscribe@http://localhost:9877/base/test.ts?d8e9014e39ec8b19e05c2de6427ccf40ade7aa9b:15120:40
call@http://localhost:9877/base/test.ts?d8e9014e39ec8b19e05c2de6427ccf40ade7aa9b:55661:32
subscribe@http://localhost:9877/base/test.ts?d8e9014e39ec8b19e05c2de6427ccf40ade7aa9b:15117:26
call@http://localhost:9877/base/test.ts?d8e9014e39ec8b19e05c2de6427ccf40ade7aa9b:161901:32
subscribe@http://localhost:9877/base/test.ts?d8e9014e39ec8b19e05c2de6427ccf40ade7aa9b:15117:26
call@http://localhost:9877/base/test.ts?d8e9014e39ec8b19e05c2de6427ccf40ade7aa9b:55661:32
subscribe@http://localhost:9877/base/test.ts?d8e9014e39ec8b19e05c2de6427ccf40ade7aa9b:15117:26
call@http://localhost:9877/base/test.ts?d8e9014e39ec8b19e05c2de6427ccf40ade7aa9b:45950:32
subscribe@http://localhost:9877/base/test.ts?d8e9014e39ec8b19e05c2de6427ccf40ade7aa9b:15117:26
subscribeToResult@http://localhost:9877/base/test.ts?d8e9014e39ec8b19e05c2de6427ccf40ade7aa9b:36220:36
_innerSub@http://localhost:9877/base/test.ts?d8e9014e39ec8b19e05c2de6427ccf40ade7aa9b:55706:55
_tryNext@http://localhost:9877/base/test.ts?d8e9014e39ec8b19e05c2de6427ccf40ade7aa9b:55703:23
_next@http://localhost:9877/base/test.ts?d8e9014e39ec8b19e05c2de6427ccf40ade7aa9b:55686:26
next@http://localhost:9877/base/test.ts?d8e9014e39ec8b19e05c2de6427ccf40ade7aa9b:31728:23
_next@http://localhost:9877/base/test.ts?d8e9014e39ec8b19e05c2de6427ccf40ade7aa9b:45979:30
next@http://localhost:9877/base/test.ts?d8e9014e39ec8b19e05c2de6427ccf40ade7aa9b:31728:23
notifyNext@http://localhost:9877/base/test.ts?d8e9014e39ec8b19e05c2de6427ccf40ade7aa9b:55719:34
_next@http://localhost:9877/base/test.ts?d8e9014e39ec8b19e05c2de6427ccf40ade7aa9b:240554:31
next@http://localhost:9877/base/test.ts?d8e9014e39ec8b19e05c2de6427ccf40ade7aa9b:31728:23
_next@http://localhost:9877/base/test.ts?d8e9014e39ec8b19e05c2de6427ccf40ade7aa9b:45979:30
next@http://localhost:9877/base/test.ts?d8e9014e39ec8b19e05c2de6427ccf40ade7aa9b:31728:23
_subscribe@http://localhost:9877/base/test.ts?d8e9014e39ec8b19e05c2de6427ccf40ade7aa9b:65689:28
_trySubscribe@http://localhost:9877/base/test.ts?d8e9014e39ec8b19e05c2de6427ccf40ade7aa9b:15132:35
subscribe@http://localhost:9877/base/test.ts?d8e9014e39ec8b19e05c2de6427ccf40ade7aa9b:15120:40
call@http://localhost:9877/base/test.ts?d8e9014e39ec8b19e05c2de6427ccf40ade7aa9b:45950:32
subscribe@http://localhost:9877/base/test.ts?d8e9014e39ec8b19e05c2de6427ccf40ade7aa9b:15117:26
subscribeToResult@http://localhost:9877/base/test.ts?d8e9014e39ec8b19e05c2de6427ccf40ade7aa9b:36220:36
_innerSub@http://localhost:9877/base/test.ts?d8e9014e39ec8b19e05c2de6427ccf40ade7aa9b:55706:55
_tryNext@http://localhost:9877/base/test.ts?d8e9014e39ec8b19e05c2de6427ccf40ade7aa9b:55703:23
_next@http://localhost:9877/base/test.ts?d8e9014e39ec8b19e05c2de6427ccf40ade7aa9b:55686:26
next@http://localhost:9877/base/test.ts?d8e9014e39ec8b19e05c2de6427ccf40ade7aa9b:31728:23
notifyNext@http://localhost:9877/base/test.ts?d8e9014e39ec8b19e05c2de6427ccf40ade7aa9b:55719:34
_next@http://localhost:9877/base/test.ts?d8e9014e39ec8b19e05c2de6427ccf40ade7aa9b:240554:31
next@http://localhost:9877/base/test.ts?d8e9014e39ec8b19e05c2de6427ccf40ade7aa9b:31728:23
_next@http://localhost:9877/base/test.ts?d8e9014e39ec8b19e05c2de6427ccf40ade7aa9b:45979:30
next@http://localhost:9877/base/test.ts?d8e9014e39ec8b19e05c2de6427ccf40ade7aa9b:31728:23
_subscribe@http://localhost:9877/base/test.ts?d8e9014e39ec8b19e05c2de6427ccf40ade7aa9b:65689:28
_trySubscribe@http://localhost:9877/base/test.ts?d8e9014e39ec8b19e05c2de6427ccf40ade7aa9b:15132:35
subscribe@http://localhost:9877/base/test.ts?d8e9014e39ec8b19e05c2de6427ccf40ade7aa9b:15120:40
call@http://localhost:9877/base/test.ts?d8e9014e39ec8b19e05c2de6427ccf40ade7aa9b:45950:32
subscribe@http://localhost:9877/base/test.ts?d8e9014e39ec8b19e05c2de6427ccf40ade7aa9b:15117:26
subscribeToResult@http://localhost:9877/base/test.ts?d8e9014e39ec8b19e05c2de6427ccf40ade7aa9b:36220:36
_innerSub@http://localhost:9877/base/test.ts?d8e9014e39ec8b19e05c2de6427ccf40ade7aa9b:55706:55
_tryNext@http://localhost:9877/base/test.ts?d8e9014e39ec8b19e05c2de6427ccf40ade7aa9b:55703:23
_next@http://localhost:9877/base/test.ts?d8e9014e39ec8b19e05c2de6427ccf40ade7aa9b:55686:26
next@http://localhost:9877/base/test.ts?d8e9014e39ec8b19e05c2de6427ccf40ade7aa9b:31728:23
_next@http://localhost:9877/base/test.ts?d8e9014e39ec8b19e05c2de6427ccf40ade7aa9b:31764:30
next@http://localhost:9877/base/test.ts?d8e9014e39ec8b19e05c2de6427ccf40ade7aa9b:31728:23
_next@http://localhost:9877/base/test.ts?d8e9014e39ec8b19e05c2de6427ccf40ade7aa9b:45979:30
next@http://localhost:9877/base/test.ts?d8e9014e39ec8b19e05c2de6427ccf40ade7aa9b:31728:23
_next@http://localhost:9877/base/test.ts?d8e9014e39ec8b19e05c2de6427ccf40ade7aa9b:45979:30
next@http://localhost:9877/base/test.ts?d8e9014e39ec8b19e05c2de6427ccf40ade7aa9b:31728:23
_next@http://localhost:9877/base/test.ts?d8e9014e39ec8b19e05c2de6427ccf40ade7aa9b:45979:30
next@http://localhost:9877/base/test.ts?d8e9014e39ec8b19e05c2de6427ccf40ade7aa9b:31728:23
_complete@http://localhost:9877/base/test.ts?d8e9014e39ec8b19e05c2de6427ccf40ade7aa9b:162376:29
complete@http://localhost:9877/base/test.ts?d8e9014e39ec8b19e05c2de6427ccf40ade7aa9b:31753:27
_complete@http://localhost:9877/base/test.ts?d8e9014e39ec8b19e05c2de6427ccf40ade7aa9b:57426:38
complete@http://localhost:9877/base/test.ts?d8e9014e39ec8b19e05c2de6427ccf40ade7aa9b:31753:27
_subscribe@http://localhost:9877/base/test.ts?d8e9014e39ec8b19e05c2de6427ccf40ade7aa9b:65691:36
_trySubscribe@http://localhost:9877/base/test.ts?d8e9014e39ec8b19e05c2de6427ccf40ade7aa9b:15132:35
subscribe@http://localhost:9877/base/test.ts?d8e9014e39ec8b19e05c2de6427ccf40ade7aa9b:15120:40
call@http://localhost:9877/base/test.ts?d8e9014e39ec8b19e05c2de6427ccf40ade7aa9b:57395:32
subscribe@http://localhost:9877/base/test.ts?d8e9014e39ec8b19e05c2de6427ccf40ade7aa9b:15117:26
call@http://localhost:9877/base/test.ts?d8e9014e39ec8b19e05c2de6427ccf40ade7aa9b:162305:32
subscribe@http://localhost:9877/base/test.ts?d8e9014e39ec8b19e05c2de6427ccf40ade7aa9b:15117:26
call@http://localhost:9877/base/test.ts?d8e9014e39ec8b19e05c2de6427ccf40ade7aa9b:45950:32
subscribe@http://localhost:9877/base/test.ts?d8e9014e39ec8b19e05c2de6427ccf40ade7aa9b:15117:26
call@http://localhost:9877/base/test.ts?d8e9014e39ec8b19e05c2de6427ccf40ade7aa9b:45950:32
subscribe@http://localhost:9877/base/test.ts?d8e9014e39ec8b19e05c2de6427ccf40ade7aa9b:15117:26
call@http://localhost:9877/base/test.ts?d8e9014e39ec8b19e05c2de6427ccf40ade7aa9b:45950:32
subscribe@http://localhost:9877/base/test.ts?d8e9014e39ec8b19e05c2de6427ccf40ade7aa9b:15117:26
call@http://localhost:9877/base/test.ts?d8e9014e39ec8b19e05c2de6427ccf40ade7aa9b:161687:32
subscribe@http://localhost:9877/base/test.ts?d8e9014e39ec8b19e05c2de6427ccf40ade7aa9b:15117:26
call@http://localhost:9877/base/test.ts?d8e9014e39ec8b19e05c2de6427ccf40ade7aa9b:55661:32
subscribe@http://localhost:9877/base/test.ts?d8e9014e39ec8b19e05c2de6427ccf40ade7aa9b:15117:26
call@http://localhost:9877/base/test.ts?d8e9014e39ec8b19e05c2de6427ccf40ade7aa9b:55661:32
subscribe@http://localhost:9877/base/test.ts?d8e9014e39ec8b19e05c2de6427ccf40ade7aa9b:15117:26
call@http://localhost:9877/base/test.ts?d8e9014e39ec8b19e05c2de6427ccf40ade7aa9b:45950:32
subscribe@http://localhost:9877/base/test.ts?d8e9014e39ec8b19e05c2de6427ccf40ade7aa9b:15117:26
call@http://localhost:9877/base/test.ts?d8e9014e39ec8b19e05c2de6427ccf40ade7aa9b:55661:32
subscribe@http://localhost:9877/base/test.ts?d8e9014e39ec8b19e05c2de6427ccf40ade7aa9b:15117:26
call@http://localhost:9877/base/test.ts?d8e9014e39ec8b19e05c2de6427ccf40ade7aa9b:55661:32
subscribe@http://localhost:9877/base/test.ts?d8e9014e39ec8b19e05c2de6427ccf40ade7aa9b:15117:26
call@http://localhost:9877/base/test.ts?d8e9014e39ec8b19e05c2de6427ccf40ade7aa9b:55661:32
subscribe@http://localhost:9877/base/test.ts?d8e9014e39ec8b19e05c2de6427ccf40ade7aa9b:15117:26
call@http://localhost:9877/base/test.ts?d8e9014e39ec8b19e05c2de6427ccf40ade7aa9b:45950:32
subscribe@http://localhost:9877/base/test.ts?d8e9014e39ec8b19e05c2de6427ccf40ade7aa9b:15117:26
http://localhost:9877/base/test.ts?d8e9014e39ec8b19e05c2de6427ccf40ade7aa9b:15164:43
ZoneAwarePromise@http://localhost:9877/base/test.ts?d8e9014e39ec8b19e05c2de6427ccf40ade7aa9b:168755:37
forEach@http://localhost:9877/base/test.ts?d8e9014e39ec8b19e05c2de6427ccf40ade7aa9b:15160:31
http://localhost:9877/base/test.ts?d8e9014e39ec8b19e05c2de6427ccf40ade7aa9b:29522:25
ZoneAwarePromise@http://localhost:9877/base/test.ts?d8e9014e39ec8b19e05c2de6427ccf40ade7aa9b:168755:37
runNavigate@http://localhost:9877/base/test.ts?d8e9014e39ec8b19e05c2de6427ccf40ade7aa9b:29447:27
http://localhost:9877/base/test.ts?d8e9014e39ec8b19e05c2de6427ccf40ade7aa9b:29414:62
invoke@http://localhost:9877/base/test.ts?d8e9014e39ec8b19e05c2de6427ccf40ade7aa9b:168312:31
onInvoke@http://localhost:9877/base/test.ts?d8e9014e39ec8b19e05c2de6427ccf40ade7aa9b:167817:45
invoke@http://localhost:9877/base/test.ts?d8e9014e39ec8b19e05c2de6427ccf40ade7aa9b:168311:40
run@http://localhost:9877/base/test.ts?d8e9014e39ec8b19e05c2de6427ccf40ade7aa9b:168062:49
http://localhost:9877/base/test.ts?d8e9014e39ec8b19e05c2de6427ccf40ade7aa9b:168739:60
invokeTask@http://localhost:9877/base/test.ts?d8e9014e39ec8b19e05c2de6427ccf40ade7aa9b:168345:36
onInvokeTask@http://localhost:9877/base/test.ts?d8e9014e39ec8b19e05c2de6427ccf40ade7aa9b:167841:49
invokeTask@http://localhost:9877/base/test.ts?d8e9014e39ec8b19e05c2de6427ccf40ade7aa9b:168344:48
runTask@http://localhost:9877/base/test.ts?d8e9014e39ec8b19e05c2de6427ccf40ade7aa9b:168112:57
drainMicroTaskQueue@http://localhost:9877/base/test.ts?d8e9014e39ec8b19e05c2de6427ccf40ade7aa9b:168505:42
invoke@http://localhost:9877/base/test.ts?d8e9014e39ec8b19e05c2de6427ccf40ade7aa9b:168411:44
timer@http://localhost:9877/base/test.ts?d8e9014e39ec8b19e05c2de6427ccf40ade7aa9b:169461:34', ngDebugContext: DebugContext_{view: ..., nodeIndex: ..., nodeDef: ..., elDef: ..., elView: ...}, ngErrorLogger: function () { ... }, __zone_symbol__currentTask: ZoneTask{_zone: ..., runCount: ..., _zoneDelegates: ..., _state: ..., type: ..., source: ..., data: ..., scheduleFn: ..., cancelFn: ..., callback: ..., invoke: ...}}, promise: ZoneAwarePromise{__zone_symbol__state: 0, __zone_symbol__value: Error{addKey: ..., keys: ..., injectors: ..., constructResolvingMessage: ..., ngOriginalError: ..., line: ..., sourceURL: ..., stack: ..., ngDebugContext: ..., ngErrorLogger: ..., __zone_symbol__currentTask: ...}}, zone: Zone{_properties: Object{ProxyZoneSpec: ...}, _parent: Zone{_properties: ..., _parent: ..., _name: ..., _zoneDelegate: ...}, _name: 'ProxyZone', _zoneDelegate: ZoneDelegate{_taskCounts: ..., zone: ..., _parentDelegate: ..., _forkZS: ..., _forkDlgt: ..., _forkCurrZone: ..., _interceptZS: ..., _interceptDlgt: ..., _interceptCurrZone: ..., _invokeZS: ..., _invokeDlgt: ..., _invokeCurrZone: ..., _handleErrorZS: ..., _handleErrorDlgt: ..., _handleErrorCurrZone: ..., _scheduleTaskZS: ..., _scheduleTaskDlgt: ..., _scheduleTaskCurrZone: ..., _invokeTaskZS: ..., _invokeTaskDlgt: ..., _invokeTaskCurrZone: ..., _cancelTaskZS: ..., _cancelTaskDlgt: ..., _cancelTaskCurrZone: ..., _hasTaskZS: ..., _hasTaskDlgt: ..., _hasTaskDlgtOwner: ..., _hasTaskCurrZone: ...}}, task: ZoneTask{_zone: Zone{_properties: ..., _parent: ..., _name: ..., _zoneDelegate: ...}, runCount: 0, _zoneDelegates: null, _state: 'notScheduled', type: 'microTask', source: 'Promise.then', data: undefined, scheduleFn: undefined, cancelFn: null, callback: function () { ... }, invoke: function () { ... }}}
,PhantomJS 2.1.1 (Mac OS X 0.0.0) LOG: 'After test...'

]]>
  </system-out>
  <system-err/>
</testsuite>